[06/13/2021 03:09:57 PM] /tmp/tmp.y5KUJr99V3.tmp
[06/13/2021 03:55:31 PM] /tmp/tmp.jCRpcTfsM3.tmp
[06/13/2021 03:57:39 PM] /tmp/tmp.MSY5snJIuJ.tmp
[06/13/2021 03:59:46 PM] /tmp/tmp.VcmDQ6bA3u.tmp
[06/13/2021 04:01:27 PM] /tmp/tmp.OSP2RUPCOR.tmp
[06/13/2021 04:03:15 PM] /tmp/tmp.9LRyha58Qq.tmp
[06/13/2021 04:06:20 PM] /tmp/tmp.uHwU0LSq2H.tmp
[06/13/2021 04:11:11 PM] /tmp/tmp.xu0rymJpeE.tmp
[06/13/2021 05:03:46 PM] /tmp/tmp.PrMZYNPjQD.tmp
[06/13/2021 05:36:53 PM] /tmp/tmp.swVeR4uaRe.tmp
[06/13/2021 05:41:19 PM] /tmp/tmp.jIhtLWCDxc.tmp
[06/13/2021 06:19:08 PM] /tmp/tmp.NR7QEOsmA7.tmp
[06/13/2021 06:20:00 PM] /tmp/tmp.YLwmEl6RzQ.tmp
[06/13/2021 06:23:12 PM] /tmp/tmp.7a2uNCt59s.tmp
[06/13/2021 06:24:24 PM] /tmp/tmp.h1ViRWhWPO.tmp
[06/13/2021 06:24:52 PM] /tmp/tmp.aSDNYPMpjr.tmp
[06/13/2021 06:25:10 PM] /tmp/tmp.3Fw00qK4fd.tmp
[06/13/2021 06:30:22 PM] /tmp/tmp.uy8lDArYGZ.tmp
[06/13/2021 06:30:51 PM] /tmp/tmp.4WYi5pbCli.tmp
[06/13/2021 06:31:45 PM] /tmp/tmp.9BgtDlka5S.tmp
[06/13/2021 06:32:06 PM] /tmp/tmp.nQAsbGjTcg.tmp
[06/13/2021 06:34:57 PM] /tmp/tmp.5Dildm9RaC.tmp
[06/13/2021 06:36:27 PM] /tmp/tmp.KFCoBynipK.tmp
[06/13/2021 06:37:16 PM] /tmp/tmp.46lwzu0C3a.tmp
[06/13/2021 06:40:38 PM] /tmp/tmp.jh08S6lVYW.tmp
[06/13/2021 06:41:12 PM] /tmp/tmp.6eUiSQAdHi.tmp
[06/13/2021 06:42:23 PM] /tmp/tmp.SK23dUqmhQ.tmp
[06/13/2021 06:44:33 PM] /tmp/tmp.pWl4oZLtVI.tmp
[06/13/2021 06:49:49 PM] /tmp/tmp.5lTNXgak4X.tmp
[06/13/2021 06:56:33 PM] /tmp/tmp.herU5QjWT0.tmp
[06/13/2021 07:03:02 PM] /tmp/tmp.FYC1HTSEJE.tmp
[06/13/2021 07:20:45 PM] /tmp/tmp.Kvjz35uL0x.tmp
[06/13/2021 07:41:15 PM] /tmp/tmp.0paGqjZIdr.tmp
[06/13/2021 07:54:59 PM] /tmp/tmp.qUCprajixY.tmp
[06/13/2021 07:57:50 PM] /tmp/tmp.2N7lzDDVRs.tmp
[06/13/2021 08:02:40 PM] /tmp/tmp.p5v5z1DFdv.tmp
[06/13/2021 08:04:22 PM] /tmp/tmp.aoQyD6DITW.tmp
[06/13/2021 08:11:46 PM] /tmp/tmp.5LK9j3vk5o.tmp
[06/13/2021 08:13:19 PM] /tmp/tmp.G9J2SKVUia.tmp
[06/13/2021 08:13:35 PM] /tmp/tmp.PHWYQMyM40.tmp
[06/13/2021 08:13:42 PM] /tmp/tmp.jDJUFiVGG0.tmp
[06/13/2021 08:15:47 PM] /tmp/tmp.ZeFYI2aDqO.tmp
[06/13/2021 10:44:33 PM] /tmp/tmp.fcxcgKljYf.tmp
[06/13/2021 10:45:20 PM] /tmp/tmp.HIxqBDJM3Q.tmp
[06/13/2021 10:47:41 PM] /tmp/tmp.YD3qI0ksne.tmp
[06/13/2021 10:48:19 PM] /tmp/tmp.3Obudsw4H1.tmp
[06/13/2021 10:53:22 PM] /tmp/tmp.68MJwQql1y.tmp
[06/13/2021 10:54:44 PM] /tmp/tmp.cYiouGCQKg.tmp
[06/13/2021 10:56:13 PM] /tmp/tmp.TcbomM4hZt.tmp
[06/13/2021 10:57:12 PM] /tmp/tmp.xKkTDKBexS.tmp
[06/13/2021 10:58:50 PM] /tmp/tmp.UIbU4M3LVM.tmp
[06/13/2021 10:59:13 PM] /tmp/tmp.8dJay0duUl.tmp
[06/13/2021 10:59:31 PM] /tmp/tmp.mpm1MKDiVZ.tmp
[06/13/2021 10:59:48 PM] /tmp/tmp.Y68EIk2cNn.tmp
[06/13/2021 11:00:44 PM] /tmp/tmp.lID9SVf4IJ.tmp
[06/13/2021 11:01:50 PM] /tmp/tmp.mRBbqG1NtJ.tmp
[06/13/2021 11:02:06 PM] /tmp/tmp.dksTO9GDPn.tmp
[06/13/2021 11:02:33 PM] /tmp/tmp.XcLXL6gjFN.tmp
[06/13/2021 11:03:02 PM] /tmp/tmp.QbIttWwp6C.tmp
[06/13/2021 11:10:03 PM] /tmp/tmp.Xvi0QoYgv6.tmp
[06/13/2021 11:10:14 PM] /tmp/tmp.6tIKtDLND9.tmp
[06/13/2021 11:13:01 PM] /tmp/tmp.1ebOLR2FvD.tmp
[06/13/2021 11:13:15 PM] /tmp/tmp.TR03ZmQH0i.tmp
[06/13/2021 11:18:39 PM] /tmp/tmp.5E6cJqXBCH.tmp
[06/13/2021 11:21:38 PM] /tmp/tmp.snGJe0KPbR.tmp
[06/13/2021 11:22:06 PM] /tmp/tmp.LGU7qCQLRj.tmp
[06/13/2021 11:23:41 PM] /tmp/tmp.gazdEJ7KZ0.tmp
[06/13/2021 11:25:42 PM] /tmp/tmp.XnPGDvpyBE.tmp
[06/13/2021 11:42:04 PM] /tmp/tmp.SVgl5XUjkE.tmp
[06/13/2021 11:43:27 PM] /tmp/tmp.Ns7SxJTYIr.tmp
[06/13/2021 11:45:49 PM] /tmp/tmp.RTStMScqGY.tmp
[06/13/2021 11:46:20 PM] /tmp/tmp.ULiHmOW0DI.tmp
[06/13/2021 11:46:45 PM] /tmp/tmp.vGzgsXzXa0.tmp
[06/13/2021 11:56:12 PM] /tmp/tmp.7f4mS4mMs0.tmp
[06/13/2021 11:58:14 PM] /tmp/tmp.loIlvSvo14.tmp
[06/14/2021 12:00:56 AM] /tmp/tmp.BQ3YQxOcpB.tmp
[06/14/2021 12:03:14 AM] /tmp/tmp.8L3fsqXlVE.tmp
[06/14/2021 12:06:18 AM] /tmp/tmp.asfJrNiZaY.tmp
[06/14/2021 12:08:30 AM] /tmp/tmp.0vgg07UWYN.tmp
[06/14/2021 12:09:56 AM] /tmp/tmp.Ctcj5L7GKX.tmp
[06/14/2021 10:04:35 AM] /tmp/tmp.WWPazscEKY.tmp
[06/14/2021 10:18:30 AM] /tmp/tmp.eIKDdE2FgI.tmp
[06/14/2021 10:21:01 AM] /tmp/tmp.rKD1Jnyd7p.tmp
[06/14/2021 10:27:51 AM] /tmp/tmp.vRzNLP5QvN.tmp
[06/14/2021 10:30:27 AM] /tmp/tmp.NwBcHFkH3b.tmp
[06/14/2021 10:30:46 AM] /tmp/tmp.Z9eXJrFa6S.tmp
[06/14/2021 10:33:52 AM] /tmp/tmp.cr1k6QdsqC.tmp
[06/14/2021 10:34:18 AM] /tmp/tmp.6zUd2pdgD5.tmp
[06/14/2021 10:37:37 AM] /tmp/tmp.wE4532UI9S.tmp
[06/14/2021 10:38:46 AM] /tmp/tmp.YVWjedSZ9q.tmp
[06/14/2021 10:42:53 AM] /tmp/tmp.0VSI1uDQOr.tmp
[06/14/2021 11:08:09 AM] /tmp/tmp.d4Xi8kaNIA.tmp
[06/14/2021 11:09:09 AM] /tmp/tmp.rMetLgZXyi.tmp
[06/14/2021 11:12:28 AM] /tmp/tmp.S1CfXNOZo1.tmp
[06/14/2021 11:14:23 AM] /tmp/tmp.3ix8m3v0TY.tmp
[06/14/2021 11:28:32 AM] /tmp/tmp.spJRqNOwIE.tmp
[06/14/2021 11:32:32 AM] /tmp/tmp.kAvoBrOm0i.tmp
[06/14/2021 11:37:40 AM] /tmp/tmp.CIdodVw7Ub.tmp
[06/14/2021 11:39:42 AM] /tmp/tmp.NieEu0zvDR.tmp
[06/14/2021 11:40:00 AM] /tmp/tmp.DzRJAfmjxH.tmp
[06/14/2021 11:44:08 AM] /tmp/tmp.ojrhNdFAMv.tmp
[06/14/2021 11:45:27 AM] /tmp/tmp.WZ9jGRC74Y.tmp
[06/14/2021 11:47:50 AM] /tmp/tmp.sVZrXfOtLY.tmp
[06/14/2021 11:50:47 AM] /tmp/tmp.kw0iXZNhIE.tmp
[06/14/2021 11:53:17 AM] /tmp/tmp.AivR5o4mjP.tmp
[06/14/2021 11:58:44 AM] /tmp/tmp.t65QooVRdz.tmp
[06/14/2021 12:31:46 PM] /tmp/tmp.Mf49mu5kZt.tmp
[06/14/2021 12:33:34 PM] /tmp/tmp.XExejuSztI.tmp
[06/14/2021 12:38:02 PM] /tmp/tmp.AC50DtLhqB.tmp
[06/14/2021 12:38:20 PM] /tmp/tmp.DabwqJ42JY.tmp
[06/14/2021 12:42:08 PM] /tmp/tmp.HJmNmocQhd.tmp
[06/14/2021 12:44:00 PM] /tmp/tmp.JsM5rdcq5u.tmp
[06/14/2021 02:18:20 PM] /tmp/tmp.EuKToRnh2T.tmp
[06/14/2021 02:32:14 PM] /tmp/tmp.e0lLr3IdEu.tmp
[06/14/2021 02:34:35 PM] /tmp/tmp.kFiNmI6ehJ.tmp
[06/14/2021 02:39:36 PM] /tmp/tmp.MEfGHyhJCt.tmp
[06/14/2021 02:45:11 PM] /tmp/tmp.JlujsHMUyh.tmp
[06/14/2021 02:45:30 PM] /tmp/tmp.GGzOYrDHRl.tmp
[06/14/2021 02:54:05 PM] /tmp/tmp.p1jM4llfsP.tmp
[06/14/2021 02:56:50 PM] /tmp/tmp.D8m2gIDjKR.tmp
[06/14/2021 03:00:17 PM] /tmp/tmp.y9G06s1Top.tmp
[06/14/2021 03:33:19 PM] /tmp/tmp.9R5NpgBKtZ.tmp
[06/14/2021 09:32:03 PM] /tmp/tmp.qOiUvp2Z19.tmp
[06/14/2021 10:52:32 PM] /tmp/tmp.JnJfA5iHNo.tmp
[06/14/2021 10:55:39 PM] /tmp/tmp.EeLJSGTojQ.tmp
[06/14/2021 10:59:16 PM] /tmp/tmp.Nk1bId0MFR.tmp
[06/14/2021 11:03:04 PM] /tmp/tmp.EKerpSQfWa.tmp
[06/14/2021 11:05:14 PM] /tmp/tmp.1812yD4qvU.tmp
[06/14/2021 11:06:51 PM] /tmp/tmp.XLdluz5F3l.tmp
[06/14/2021 11:14:35 PM] /tmp/tmp.BgIeqU6Uhb.tmp
[06/14/2021 11:20:57 PM] /tmp/tmp.hNqFmIJfsk.tmp
[06/15/2021 07:58:09 AM] /tmp/tmp.7Q7xDONZ3c.tmp
[06/15/2021 08:08:04 AM] /tmp/tmp.4dgdnLec6S.tmp
[06/15/2021 08:11:06 AM] /tmp/tmp.pNVJW4ySVi.tmp
[06/15/2021 08:13:01 AM] /tmp/tmp.DtVVdEhxX2.tmp
[06/15/2021 08:17:20 AM] /tmp/tmp.5LXKZUThQK.tmp
[06/15/2021 08:20:51 AM] /tmp/tmp.yG5aKhQvdQ.tmp
[06/15/2021 08:26:45 AM] /tmp/tmp.SEaPGVCdVv.tmp
[06/15/2021 08:29:10 AM] /tmp/tmp.HeepgJH4ad.tmp
[06/15/2021 08:35:21 AM] /tmp/tmp.hbQqdALSZw.tmp
[06/15/2021 08:53:51 AM] /tmp/tmp.i6rgkBYS2p.tmp
[06/15/2021 09:05:34 AM] /tmp/tmp.yoi6Ygiz9v.tmp
[06/15/2021 09:10:47 AM] /tmp/tmp.qww87eJCjF.tmp
[06/15/2021 09:14:55 AM] /tmp/tmp.TjABYPeZnr.tmp
[06/15/2021 09:19:00 AM] /tmp/tmp.jBbPzKUtdp.tmp
[06/15/2021 09:30:47 AM] /tmp/tmp.lyoYRSm9uw.tmp
[06/15/2021 09:35:39 AM] /tmp/tmp.CB9ZiuzGWV.tmp
[06/15/2021 09:37:01 AM] /tmp/tmp.6Wzh43ZCg2.tmp
[06/15/2021 09:39:32 AM] /tmp/tmp.JatKyYaLfL.tmp
[06/15/2021 09:50:38 AM] /tmp/tmp.0mpGR0gXAx.tmp
[06/15/2021 09:55:50 AM] /tmp/tmp.ZBo83T0r7c.tmp
[06/15/2021 10:04:34 AM] /tmp/tmp.QPKBiLdyq9.tmp
[06/15/2021 10:31:38 AM] /tmp/tmp.5Um1zXRukK.tmp
[06/15/2021 10:36:03 AM] /tmp/tmp.wboyuvRmmG.tmp
[06/15/2021 10:42:57 AM] /tmp/tmp.NbNVb7COou.tmp
[06/15/2021 10:50:26 AM] /tmp/tmp.BmRA0Im3Ws.tmp
[06/15/2021 10:53:13 AM] /tmp/tmp.7tXbxgvvm7.tmp
[06/15/2021 10:57:59 AM] /tmp/tmp.Y5xoCGFII6.tmp
[06/15/2021 11:05:56 AM] /tmp/tmp.Y97kh83o7X.tmp
[06/15/2021 11:10:55 AM] /tmp/tmp.aOTdcWQfOz.tmp
[06/15/2021 04:01:08 PM] /tmp/tmp.L5uKDGX4rA.tmp
[06/15/2021 04:04:11 PM] /tmp/tmp.oAHx6YI1lU.tmp
[06/15/2021 04:07:34 PM] /tmp/tmp.tFH45d0bvm.tmp
[06/15/2021 04:14:42 PM] /tmp/tmp.eqBAzu5quh.tmp
[06/15/2021 04:14:48 PM] /tmp/tmp.UTYkU1rYQJ.tmp
[06/15/2021 04:17:43 PM] /tmp/tmp.e09OXudTON.tmp
[06/15/2021 04:25:54 PM] /tmp/tmp.47VXnBHWiQ.tmp
[06/15/2021 04:28:31 PM] /tmp/tmp.aNATg6ILBP.tmp
[06/15/2021 04:30:12 PM] /tmp/tmp.CqtNqFKyjc.tmp
[06/15/2021 04:30:17 PM] /tmp/tmp.vIhsqVxeYj.tmp
[06/15/2021 04:35:04 PM] /tmp/tmp.065GnFcwcH.tmp
[06/15/2021 04:39:53 PM] /tmp/tmp.5bLCdJ5hL6.tmp
[06/15/2021 04:41:25 PM] /tmp/tmp.jHeWC8OAUq.tmp
[06/15/2021 04:54:37 PM] /tmp/tmp.luAZiIvgJb.tmp
[06/15/2021 04:58:17 PM] /tmp/tmp.Vwxbhkvnys.tmp
[06/15/2021 05:06:21 PM] /tmp/tmp.ig69uPGW21.tmp
[06/15/2021 05:07:23 PM] /tmp/tmp.h8lruTYV4v.tmp
[06/15/2021 06:34:27 PM] /tmp/tmp.ZH2qVJdIhK.tmp
[06/15/2021 06:54:13 PM] /tmp/tmp.czjHrjlzGY.tmp
[06/15/2021 06:56:27 PM] /tmp/tmp.EiciIpV6oX.tmp
[06/15/2021 07:00:14 PM] /tmp/tmp.cvGkLdkAeI.tmp
[06/15/2021 07:06:57 PM] /tmp/tmp.axToKnismY.tmp
[06/15/2021 07:40:06 PM] /tmp/tmp.6jEGtpHI5w.tmp
[06/15/2021 07:50:59 PM] /tmp/tmp.jTfEiVcIfv.tmp
[06/15/2021 10:15:06 PM] /tmp/tmp.h6U26vUhNm.tmp
[06/15/2021 10:31:16 PM] /tmp/tmp.ssIPWTD3Tu.tmp
[06/16/2021 07:03:42 AM] /tmp/tmp.3POLEty7rJ.tmp
[06/16/2021 07:09:54 AM] /tmp/tmp.95rDnNnyoY.tmp
[06/16/2021 07:16:05 AM] /tmp/tmp.OdS7WhZnIU.tmp
[06/16/2021 10:09:21 AM] /tmp/tmp.unjT0U8Kpj.tmp
[06/16/2021 10:19:59 AM] /tmp/tmp.enxNEKfibr.tmp
[06/16/2021 11:20:44 AM] /tmp/tmp.oRfB6UTCAu.tmp
[06/16/2021 11:33:31 AM] /tmp/tmp.0LU0soEEJq.tmp
[06/16/2021 11:45:09 AM] /tmp/tmp.tuGMlKQLjs.tmp
[06/16/2021 01:41:13 PM] /tmp/tmp.Rg2ae7plCD.tmp
[06/16/2021 01:49:21 PM] /tmp/tmp.15INqaf50I.tmp
[06/16/2021 02:08:20 PM] /tmp/tmp.OCB9XJQ8xI.tmp
[06/16/2021 04:14:35 PM] /tmp/tmp.xl59q1cBJl.tmp
[06/16/2021 05:48:37 PM] /tmp/tmp.78qV12WTVW.tmp
[06/16/2021 06:47:06 PM] /tmp/tmp.QmINF1a9O5.tmp
