[=============== 03/14/2021] ==================================================
[MAS.IRSYAD_____ 03/14/2021] invoice   : #7313EBF
[MAS.IRSYAD_____ 03/14/2021] timestamp : 03/14/2021, 2:27:19 PM
[MAS.IRSYAD_____ 03/14/2021] customer  : MAS IRSYAD
[MAS.IRSYAD_____ 03/14/2021] phone     : 
[MAS.IRSYAD_____ 03/14/2021] --------  : --------
[MAS.IRSYAD_____ 03/14/2021] product   : LAUNDRY & DRY CLEANING
[MAS.IRSYAD_____ 03/14/2021] deadline  : 14 MAR 2021 -- 14 MAR 2021
[MAS.IRSYAD_____ 03/14/2021] --------  : --------
[MAS.IRSYAD_____ 03/14/2021] -- 01 --  : PAKAIAN (CUCI REG) | 2,102 x 8,000  >>  16,816
[MAS.IRSYAD_____ 03/14/2021] -- 02 --  : SPREI S (CUCI REG) | 2 x 10,000  >>  20,000
[MAS.IRSYAD_____ 03/14/2021] --------  : --------
[MAS.IRSYAD_____ 03/14/2021] total     : Rp 36,816
[MAS.IRSYAD_____ 03/14/2021] paid      : Rp 50,000
[MAS.IRSYAD_____ 03/14/2021] change    : Rp 13,184
[=============== 03/14/2021] ==================================================
[BU.RETNO_______ 03/14/2021] invoice   : #3394030
[BU.RETNO_______ 03/14/2021] timestamp : 03/14/2021, 2:28:22 PM
[BU.RETNO_______ 03/14/2021] customer  : BU RETNO
[BU.RETNO_______ 03/14/2021] phone     : 
[BU.RETNO_______ 03/14/2021] --------  : --------
[BU.RETNO_______ 03/14/2021] product   : SUPER CHEMICAL LAUNDRY
[BU.RETNO_______ 03/14/2021] --------  : --------
[BU.RETNO_______ 03/14/2021] -- 01 --  : MOLTO B (PARFUM)   | 2 x 42,000  >> 84,000
[BU.RETNO_______ 03/14/2021] --------  : --------
[BU.RETNO_______ 03/14/2021] total     : Rp 84,000
[BU.RETNO_______ 03/14/2021] paid      : Rp 100,000
[BU.RETNO_______ 03/14/2021] change    : Rp 16,000
[=============== 03/14/2021] ==================================================
[BU.WINDA_______ 03/14/2021] invoice   : #58B4BBC
[BU.WINDA_______ 03/14/2021] timestamp : 03/14/2021, 2:36:59 PM
[BU.WINDA_______ 03/14/2021] customer  : BU WINDA
[BU.WINDA_______ 03/14/2021] phone     : 
[BU.WINDA_______ 03/14/2021] --------  : --------
[BU.WINDA_______ 03/14/2021] product   : SUPER CHEMICAL LAUNDRY
[BU.WINDA_______ 03/14/2021] --------  : --------
[BU.WINDA_______ 03/14/2021] -- 01 --  : MOLTO B (PARFUM) + 2 JUG 1L | 2 x 42,000 + 14,000 >> 98,000
[BU.WINDA_______ 03/14/2021] -- 02 --  : MOLTO B (DETERJEN)   | 1 x 42,000  >> 42,000
[BU.WINDA_______ 03/14/2021] --------  : --------
[BU.WINDA_______ 03/14/2021] total     : Rp 140,000
[BU.WINDA_______ 03/14/2021] paid      : Rp 200,000
[BU.WINDA_______ 03/14/2021] change    : Rp 60,000
[=============== 03/14/2021] ==================================================
[PAK.SARJONO____ 03/14/2021] invoice   : #C1EE644
[PAK.SARJONO____ 03/14/2021] timestamp : 03/14/2021, 2:42:41 PM
[PAK.SARJONO____ 03/14/2021] customer  : PAK SARJONO
[PAK.SARJONO____ 03/14/2021] phone     : 
[PAK.SARJONO____ 03/14/2021] --------  : --------
[PAK.SARJONO____ 03/14/2021] product   : LAUNDRY & DRY CLEANING
[PAK.SARJONO____ 03/14/2021] deadline  : 14 MAR 2021 -- 16 MAR 2021
[PAK.SARJONO____ 03/14/2021] --------  : --------
[PAK.SARJONO____ 03/14/2021] -- 01 --  : PAKAIAN (CUCI REG) | 10,121 x 8,000  >>  80,968
[PAK.SARJONO____ 03/14/2021] --------  : --------
[PAK.SARJONO____ 03/14/2021] total     : Rp 80,968
[PAK.SARJONO____ 03/14/2021] paid      : Rp 100,000
[PAK.SARJONO____ 03/14/2021] change    : Rp 19,032
[=============== 03/14/2021] ==================================================
[MAS.DIKA_______ 03/14/2021] invoice   : #471C575
[MAS.DIKA_______ 03/14/2021] timestamp : 03/14/2021, 2:59:01 PM
[MAS.DIKA_______ 03/14/2021] customer  : MAS DIKA
[MAS.DIKA_______ 03/14/2021] phone     : 
[MAS.DIKA_______ 03/14/2021] --------  : --------
[MAS.DIKA_______ 03/14/2021] product   : LAUNDRY & DRY CLEANING
[MAS.DIKA_______ 03/14/2021] deadline  : 14 MAR 2021 -- 17 MAR 2021
[MAS.DIKA_______ 03/14/2021] --------  : --------
[MAS.DIKA_______ 03/14/2021] -- 01 --  : PAKAIAN (CUCI REG) | 2,121 x 8,000  >>  16,968
[MAS.DIKA_______ 03/14/2021] -- 02 --  : SPREI M FULL-SET (CUCI REG) | 3 x 20,000  >>  60,000
[MAS.DIKA_______ 03/14/2021] --------  : --------
[MAS.DIKA_______ 03/14/2021] total     : Rp 76,968
[MAS.DIKA_______ 03/14/2021] paid      : Rp 100,000
[MAS.DIKA_______ 03/14/2021] change    : Rp 23,032
[=============== 03/14/2021] ==================================================
[PAK.MUHAMMAD___ 03/14/2021] invoice   : #17A7E3E
[PAK.MUHAMMAD___ 03/14/2021] timestamp : 03/14/2021, 3:02:42 PM
[PAK.MUHAMMAD___ 03/14/2021] customer  : PAK MUHAMMAD
[PAK.MUHAMMAD___ 03/14/2021] phone     : 
[PAK.MUHAMMAD___ 03/14/2021] --------  : --------
[PAK.MUHAMMAD___ 03/14/2021] product   : LAUNDRY & DRY CLEANING
[PAK.MUHAMMAD___ 03/14/2021] deadline  : 14 MAR 2021 -- 14 MAR 2021
[PAK.MUHAMMAD___ 03/14/2021] --------  : --------
[PAK.MUHAMMAD___ 03/14/2021] -- 01 --  : PAKAIAN (CUCI REG) | 1 x 8,000  >>  12,000
[PAK.MUHAMMAD___ 03/14/2021] --------  : --------
[PAK.MUHAMMAD___ 03/14/2021] total     : Rp 12,000
[PAK.MUHAMMAD___ 03/14/2021] paid      : Rp 50,000
[PAK.MUHAMMAD___ 03/14/2021] change    : Rp 38,000
[=============== 03/14/2021] ==================================================
[MAS.NUR________ 03/14/2021] invoice   : #D0B4287
[MAS.NUR________ 03/14/2021] timestamp : 03/14/2021, 3:04:41 PM
[MAS.NUR________ 03/14/2021] customer  : MAS NUR
[MAS.NUR________ 03/14/2021] phone     : 
[MAS.NUR________ 03/14/2021] --------  : --------
[MAS.NUR________ 03/14/2021] product   : LAUNDRY & DRY CLEANING
[MAS.NUR________ 03/14/2021] deadline  : 14 MAR 2021 -- 14 MAR 2021
[MAS.NUR________ 03/14/2021] --------  : --------
[MAS.NUR________ 03/14/2021] -- 01 --  : PAKAIAN (CUCI REG) | 1 x 8,000  >>  12,000
[MAS.NUR________ 03/14/2021] --------  : --------
[MAS.NUR________ 03/14/2021] total     : Rp 12,000
[MAS.NUR________ 03/14/2021] paid      : Rp NaN
[MAS.NUR________ 03/14/2021] change    : Rp 0
[=============== 03/14/2021] ==================================================
[MBA.TIKA_______ 03/14/2021] invoice   : #7953361
[MBA.TIKA_______ 03/14/2021] timestamp : 03/14/2021, 3:08:53 PM
[MBA.TIKA_______ 03/14/2021] customer  : MBA TIKA
[MBA.TIKA_______ 03/14/2021] phone     : 
[MBA.TIKA_______ 03/14/2021] --------  : --------
[MBA.TIKA_______ 03/14/2021] product   : LAUNDRY & DRY CLEANING
[MBA.TIKA_______ 03/14/2021] deadline  : 14 MAR 2021 -- 14 MAR 2021
[MBA.TIKA_______ 03/14/2021] --------  : --------
[MBA.TIKA_______ 03/14/2021] -- 01 --  : PAKAIAN (CUCI REG) | 3 x 8,000  >>  24,000
[MBA.TIKA_______ 03/14/2021] --------  : --------
[MBA.TIKA_______ 03/14/2021] total     : Rp 24,000
[MBA.TIKA_______ 03/14/2021] paid      : Rp 100,000
[MBA.TIKA_______ 03/14/2021] change    : Rp 76,000
[=============== 03/14/2021] ==================================================
[MAS.RIAN_______ 03/14/2021] invoice   : #DCC6415
[MAS.RIAN_______ 03/14/2021] timestamp : 03/14/2021, 3:12:53 PM
[MAS.RIAN_______ 03/14/2021] customer  : MAS RIAN
[MAS.RIAN_______ 03/14/2021] phone     : 
[MAS.RIAN_______ 03/14/2021] --------  : --------
[MAS.RIAN_______ 03/14/2021] product   : LAUNDRY & DRY CLEANING
[MAS.RIAN_______ 03/14/2021] deadline  : 14 MAR 2021 -- 14 MAR 2021
[MAS.RIAN_______ 03/14/2021] --------  : --------
[MAS.RIAN_______ 03/14/2021] -- 01 --  : PAKAIAN (CUCI REG) | 1 x 8,000  >>  12,000
[MAS.RIAN_______ 03/14/2021] --------  : --------
[MAS.RIAN_______ 03/14/2021] total     : Rp 12,000
[MAS.RIAN_______ 03/14/2021] paid      : Rp 50,000
[MAS.RIAN_______ 03/14/2021] change    : Rp 38,000
[=============== 03/14/2021] ==================================================
[MBA.ERNA_______ 03/14/2021] invoice   : #6E01029
[MBA.ERNA_______ 03/14/2021] timestamp : 03/14/2021, 4:32:53 PM
[MBA.ERNA_______ 03/14/2021] customer  : MBA ERNA
[MBA.ERNA_______ 03/14/2021] phone     : 
[MBA.ERNA_______ 03/14/2021] --------  : --------
[MBA.ERNA_______ 03/14/2021] product   : LAUNDRY & DRY CLEANING
[MBA.ERNA_______ 03/14/2021] deadline  : 14 MAR 2021 -- 14 MAR 2021
[MBA.ERNA_______ 03/14/2021] --------  : --------
[MBA.ERNA_______ 03/14/2021] -- 01 --  : PAKAIAN (CUCI REG) | 5,121 x 8,000  >>  40,968
[MBA.ERNA_______ 03/14/2021] -- 02 --  : SPREI XL FULL-SET (CUCI REG) | 1 x 25,000  >>  25,000
[MBA.ERNA_______ 03/14/2021] --------  : --------
[MBA.ERNA_______ 03/14/2021] total     : Rp 65,968
[MBA.ERNA_______ 03/14/2021] paid      : Rp 100,000
[MBA.ERNA_______ 03/14/2021] change    : Rp 34,032
[=============== 03/14/2021] ==================================================
[MAS.RINA_______ 03/14/2021] invoice   : #81E926E
[MAS.RINA_______ 03/14/2021] timestamp : 03/14/2021, 5:35:38 PM
[MAS.RINA_______ 03/14/2021] customer  : MAS RINA
[MAS.RINA_______ 03/14/2021] phone     : 
[MAS.RINA_______ 03/14/2021] --------  : --------
[MAS.RINA_______ 03/14/2021] product   : LAUNDRY & DRY CLEANING
[MAS.RINA_______ 03/14/2021] deadline  : 14 MAR 2021 -- 14 MAR 2021
[MAS.RINA_______ 03/14/2021] --------  : --------
[MAS.RINA_______ 03/14/2021] -- 01 --  : PAKAIAN (CUCI REG) | 2 x 8,000  >>  16,000
[MAS.RINA_______ 03/14/2021] --------  : --------
[MAS.RINA_______ 03/14/2021] total     : Rp 16,000
[MAS.RINA_______ 03/14/2021] paid      : Rp 20,000
[MAS.RINA_______ 03/14/2021] change    : Rp 4,000
[=============== 03/14/2021] ==================================================
[BU.SUBAGYO_____ 03/14/2021] invoice   : #455AF6D
[BU.SUBAGYO_____ 03/14/2021] timestamp : 03/14/2021, 6:11:46 PM
[BU.SUBAGYO_____ 03/14/2021] customer  : BU SUBAGYO
[BU.SUBAGYO_____ 03/14/2021] phone     : 
[BU.SUBAGYO_____ 03/14/2021] --------  : --------
[BU.SUBAGYO_____ 03/14/2021] product   : LAUNDRY & DRY CLEANING
[BU.SUBAGYO_____ 03/14/2021] deadline  : 14 MAR 2021 -- 14 MAR 2021
[BU.SUBAGYO_____ 03/14/2021] --------  : --------
[BU.SUBAGYO_____ 03/14/2021] -- 01 --  : PAKAIAN (CUCI REG) | 4,112 x 8,000  >>  32,896
[BU.SUBAGYO_____ 03/14/2021] --------  : --------
[BU.SUBAGYO_____ 03/14/2021] total     : Rp 32,896
[BU.SUBAGYO_____ 03/14/2021] paid      : Rp 50,000
[BU.SUBAGYO_____ 03/14/2021] change    : Rp 17,104
[=============== 03/14/2021] ==================================================
[MAS.DIKA_______ 03/14/2021] invoice   : #646C3E5
[MAS.DIKA_______ 03/14/2021] timestamp : 03/14/2021, 7:48:57 PM
[MAS.DIKA_______ 03/14/2021] customer  : MAS DIKA
[MAS.DIKA_______ 03/14/2021] phone     : 
[MAS.DIKA_______ 03/14/2021] --------  : --------
[MAS.DIKA_______ 03/14/2021] product   : SUPER CHEMICAL LAUNDRY
[MAS.DIKA_______ 03/14/2021] --------  : --------
[MAS.DIKA_______ 03/14/2021] -- 01 --  : MOLTO B (PARFUM)   | 2 x 42,000  >> 84,000
[MAS.DIKA_______ 03/14/2021] --------  : --------
[MAS.DIKA_______ 03/14/2021] total     : Rp 84,000
[MAS.DIKA_______ 03/14/2021] paid      : Rp 100,000
[MAS.DIKA_______ 03/14/2021] change    : Rp 16,000
[=============== 03/14/2021] ==================================================
[MAS.IRSYAD_____ 03/14/2021] invoice   : #774847F
[MAS.IRSYAD_____ 03/14/2021] timestamp : 3/14/2021, 11:00:14 PM
[MAS.IRSYAD_____ 03/14/2021] customer  : MAS IRSYAD
[MAS.IRSYAD_____ 03/14/2021] phone     : 
[MAS.IRSYAD_____ 03/14/2021] --------  : --------
[MAS.IRSYAD_____ 03/14/2021] product   : LAUNDRY & DRY CLEANING
[MAS.IRSYAD_____ 03/14/2021] deadline  : 14 MAR 2021 -- 14 MAR 2021
[MAS.IRSYAD_____ 03/14/2021] --------  : --------
[MAS.IRSYAD_____ 03/14/2021] -- 01 --  : PAKAIAN (CUCI REG) | 3,121 x 8,000  >>  24,968
[MAS.IRSYAD_____ 03/14/2021] --------  : --------
[MAS.IRSYAD_____ 03/14/2021] total     : Rp 24,968
[MAS.IRSYAD_____ 03/14/2021] paid      : Rp 50,000
[MAS.IRSYAD_____ 03/14/2021] change    : Rp 25,032
[=============== 03/14/2021] ==================================================
[MAS.IRSYAD_____ 03/14/2021] invoice   : #D451142
[MAS.IRSYAD_____ 03/14/2021] timestamp : 03/14/2021, 11:05:10 PM
[MAS.IRSYAD_____ 03/14/2021] customer  : MAS IRSYAD
[MAS.IRSYAD_____ 03/14/2021] phone     : 
[MAS.IRSYAD_____ 03/14/2021] --------  : --------
[MAS.IRSYAD_____ 03/14/2021] product   : LAUNDRY & DRY CLEANING
[MAS.IRSYAD_____ 03/14/2021] deadline  : 14 MAR 2021 -- 14 MAR 2021
[MAS.IRSYAD_____ 03/14/2021] --------  : --------
[MAS.IRSYAD_____ 03/14/2021] -- 01 --  : PAKAIAN (CUCI REG) | 4 x 8,000  >>  32,000
[MAS.IRSYAD_____ 03/14/2021] --------  : --------
[MAS.IRSYAD_____ 03/14/2021] total     : Rp 32,000
[MAS.IRSYAD_____ 03/14/2021] paid      : Rp 100,000
[MAS.IRSYAD_____ 03/14/2021] change    : Rp 68,000
[=============== 03/14/2021] ==================================================
