[............... 03-20-2021 ....] ==================================================
[MBA.RANI_______ 03-20-2021 LDRY] invoice   : #16176BA
[MBA.RANI_______ 03-20-2021 LDRY] timestamp : 03-20-2021, 10:01:12 AM
[MBA.RANI_______ 03-20-2021 LDRY] customer  : MBA RANI
[MBA.RANI_______ 03-20-2021 LDRY] phone     : 087887353395
[MBA.RANI_______ 03-20-2021 LDRY] --------  : --------
[MBA.RANI_______ 03-20-2021 LDRY] product   : LAUNDRY & DRY CLEANING
[MBA.RANI_______ 03-20-2021 LDRY] deadline  : 20 MAR 2021 -- 23 MAR 2021
[MBA.RANI_______ 03-20-2021 LDRY] --------  : --------
[MBA.RANI_______ 03-20-2021 LDRY] -- 01 --  : PAKAIAN (CUCI REG) | 2,615 x 8,000  >>  20,920
[MBA.RANI_______ 03-20-2021 LDRY] --------  : --------
[MBA.RANI_______ 03-20-2021 LDRY] total     : Rp 20,920
[MBA.RANI_______ 03-20-2021 LDRY] paid      : Rp 0
[MBA.RANI_______ 03-20-2021 LDRY] change    : Rp 0
[MBA.RANI_______ 03-20-2021 LDRY] --------  : --------
[MBA.RANI_______ 03-20-2021 LDRY] status    : PENDING
[............... 03-20-2021 ....] ==================================================
[MAS.ARIF.ALFA__ 03-20-2021 LDRY] invoice   : #B7E8786
[MAS.ARIF.ALFA__ 03-20-2021 LDRY] timestamp : 03-20-2021, 12:10:49 PM
[MAS.ARIF.ALFA__ 03-20-2021 LDRY] customer  : MAS ARIF ALFA
[MAS.ARIF.ALFA__ 03-20-2021 LDRY] phone     :
[MAS.ARIF.ALFA__ 03-20-2021 LDRY] --------  : --------
[MAS.ARIF.ALFA__ 03-20-2021 LDRY] product   : LAUNDRY & DRY CLEANING
[MAS.ARIF.ALFA__ 03-20-2021 LDRY] deadline  : 20 MAR 2021 -- 23 MAR 2021
[MAS.ARIF.ALFA__ 03-20-2021 LDRY] --------  : --------
[MAS.ARIF.ALFA__ 03-20-2021 LDRY] -- 01 --  : PAKAIAN (CUCI REG) | 1,200 x 8,000  >>  15,000
[MAS.ARIF.ALFA__ 03-20-2021 LDRY] --------  : --------
[MAS.ARIF.ALFA__ 03-20-2021 LDRY] total     : Rp 15,000
[MAS.ARIF.ALFA__ 03-20-2021 LDRY] paid      : Rp 0
[MAS.ARIF.ALFA__ 03-20-2021 LDRY] change    : Rp 0
[MAS.ARIF.ALFA__ 03-20-2021 LDRY] --------  : --------
[MAS.ARIF.ALFA__ 03-20-2021 LDRY] status    : PENDING
[............... 03-20-2021 ....] ==================================================
[MAS.IPIT_______ 03-20-2021 LDRY] invoice   : #94EC4A4
[MAS.IPIT_______ 03-20-2021 LDRY] timestamp : 03-20-2021, 01:04:36 PM
[MAS.IPIT_______ 03-20-2021 LDRY] customer  : MAS IPIT
[MAS.IPIT_______ 03-20-2021 LDRY] phone     : 081280892950
[MAS.IPIT_______ 03-20-2021 LDRY] --------  : --------
[MAS.IPIT_______ 03-20-2021 LDRY] product   : LAUNDRY & DRY CLEANING
[MAS.IPIT_______ 03-20-2021 LDRY] deadline  : 20 MAR 2021 -- 23 MAR 2021
[MAS.IPIT_______ 03-20-2021 LDRY] --------  : --------
[MAS.IPIT_______ 03-20-2021 LDRY] -- 01 --  : PAKAIAN (CUCI REG) | 5,015 x 8,000  >>  40,120
[MAS.IPIT_______ 03-20-2021 LDRY] --------  : --------
[MAS.IPIT_______ 03-20-2021 LDRY] total     : Rp 40,120
[MAS.IPIT_______ 03-20-2021 LDRY] paid      : Rp 0
[MAS.IPIT_______ 03-20-2021 LDRY] change    : Rp 0
[MAS.IPIT_______ 03-20-2021 LDRY] --------  : --------
[MAS.IPIT_______ 03-20-2021 LDRY] status    : PENDING
[............... 03-20-2021 ....] ==================================================
