[............... 03-22-2021 ....] ==================================================
[BU.WINDA_______ 03-22-2021 LDRY] invoice   : #BC400BA
[BU.WINDA_______ 03-22-2021 LDRY] timestamp : 03-22-2021, 01:16:46 PM
[BU.WINDA_______ 03-22-2021 LDRY] customer  : BU WINDA
[BU.WINDA_______ 03-22-2021 LDRY] phone     : 
[BU.WINDA_______ 03-22-2021 LDRY] --------  : --------
[BU.WINDA_______ 03-22-2021 LDRY] product   : LAUNDRY & DRY CLEANING
[BU.WINDA_______ 03-22-2021 LDRY] deadline  : 22 MAR 2021 -- 25 MAR 2021
[BU.WINDA_______ 03-22-2021 LDRY] --------  : --------
[BU.WINDA_______ 03-22-2021 LDRY] -- 01 --  : PAKAIAN (CUCI REG) | 6,015 x 8,000  >>  48,120
[BU.WINDA_______ 03-22-2021 LDRY] --------  : --------
[BU.WINDA_______ 03-22-2021 LDRY] total     : Rp 48,120
[BU.WINDA_______ 03-22-2021 LDRY] paid      : Rp 0
[BU.WINDA_______ 03-22-2021 LDRY] change    : Rp 0
[BU.WINDA_______ 03-22-2021 LDRY] --------  : --------
[BU.WINDA_______ 03-22-2021 LDRY] status    : PENDING
[............... 03-22-2021 ....] ==================================================
[MAS.WARKOP_____ 03-22-2021 LDRY] invoice   : #9CD48B2
[MAS.WARKOP_____ 03-22-2021 LDRY] timestamp : 03-22-2021, 01:17:21 PM
[MAS.WARKOP_____ 03-22-2021 LDRY] customer  : MAS WARKOP
[MAS.WARKOP_____ 03-22-2021 LDRY] phone     : 
[MAS.WARKOP_____ 03-22-2021 LDRY] --------  : --------
[MAS.WARKOP_____ 03-22-2021 LDRY] product   : LAUNDRY & DRY CLEANING
[MAS.WARKOP_____ 03-22-2021 LDRY] deadline  : 22 MAR 2021 -- 25 MAR 2021
[MAS.WARKOP_____ 03-22-2021 LDRY] --------  : --------
[MAS.WARKOP_____ 03-22-2021 LDRY] -- 01 --  : PAKAIAN (CUCI REG) | 2,105 x 8,000  >>  16,840
[MAS.WARKOP_____ 03-22-2021 LDRY] --------  : --------
[MAS.WARKOP_____ 03-22-2021 LDRY] total     : Rp 16,840
[MAS.WARKOP_____ 03-22-2021 LDRY] paid      : Rp 0
[MAS.WARKOP_____ 03-22-2021 LDRY] change    : Rp 0
[MAS.WARKOP_____ 03-22-2021 LDRY] --------  : --------
[MAS.WARKOP_____ 03-22-2021 LDRY] status    : PENDING
[............... 03-22-2021 ....] ==================================================
[MAS.MATHEUS____ 03-22-2021 LDRY] invoice   : #73CCFB3
[MAS.MATHEUS____ 03-22-2021 LDRY] timestamp : 03-22-2021, 01:18:06 PM
[MAS.MATHEUS____ 03-22-2021 LDRY] customer  : MAS MATHEUS
[MAS.MATHEUS____ 03-22-2021 LDRY] phone     : 
[MAS.MATHEUS____ 03-22-2021 LDRY] --------  : --------
[MAS.MATHEUS____ 03-22-2021 LDRY] product   : LAUNDRY & DRY CLEANING
[MAS.MATHEUS____ 03-22-2021 LDRY] deadline  : 22 MAR 2021 -- 25 MAR 2021
[MAS.MATHEUS____ 03-22-2021 LDRY] --------  : --------
[MAS.MATHEUS____ 03-22-2021 LDRY] -- 01 --  : PAKAIAN (CUCI REG) | 4,975 x 8,000  >>  39,800
[MAS.MATHEUS____ 03-22-2021 LDRY] --------  : --------
[MAS.MATHEUS____ 03-22-2021 LDRY] total     : Rp 39,800
[MAS.MATHEUS____ 03-22-2021 LDRY] paid      : Rp 0
[MAS.MATHEUS____ 03-22-2021 LDRY] change    : Rp 0
[MAS.MATHEUS____ 03-22-2021 LDRY] --------  : --------
[MAS.MATHEUS____ 03-22-2021 LDRY] status    : PENDING
[............... 03-22-2021 ....] ==================================================
