tail: error reading 'standard input': Input/output error
tail: no files remaining
│ sudo chown -R $USER:$(id -gn $USER) /root/.config │
└───────────────────────────────────────────────────┘
events.js:174
      throw er; // Unhandled 'error' event
      ^

Error: EBADF: bad file descriptor, read
Emitted 'error' event at:
    at lazyFs.read (internal/fs/streams.js:165:12)
    at FSReqWrap.wrapper [as oncomplete] (fs.js:467:17)

> server-pkg@2021.1.1 start
> nodemon server.js

[33m[nodemon] 2.0.7[39m
[33m[nodemon] to restart at any time, enter `rs`[39m
[33m[nodemon] watching path(s): *.*[39m
[33m[nodemon] watching extensions: js,mjs,json[39m
[32m[nodemon] starting `node server.js`[39m
[nodemon] listening on port 8080 ...

[transct] invoice   : #88CBD91
[transct] timestamp : 3/11/2021, 10:52:23 PM
[transct] customer  : IRSYAD
[transct] phone     : 
[transct] --------  : --------
[transct] product   : LAUNDRY & DRY CLEANING
[transct] deadline  : 11 MAR 2021 -- 14 MAR 2021
[transct] --------  : --------
[transct] -- 01 --  : PAKAIAN (CUCI REG) | 2,512 x 8,000  >>  20,096
[transct] --------  : --------
[transct] total     : Rp 20,096
[transct] paid      : Rp 50,000
[transct] change    : Rp 29,904
[transct] ==================================================

