[MAS.IRSYAD_____ 06-12-2021 LDRY] invoice   : #130C284
[MAS.IRSYAD_____ 06-12-2021 LDRY] timestamp : 06-12-2021, 11:20:37 AM
[MAS.IRSYAD_____ 06-12-2021 LDRY] customer  : MAS IRSYAD
[MAS.IRSYAD_____ 06-12-2021 LDRY] phone     : 082125337746
[MAS.IRSYAD_____ 06-12-2021 LDRY] --------  : --------
[MAS.IRSYAD_____ 06-12-2021 LDRY] product   : LAUNDRY & DRY CLEANING
[MAS.IRSYAD_____ 06-12-2021 LDRY] deadline  : 12 JUN 2021 -- 14 JUN 2021
[MAS.IRSYAD_____ 06-12-2021 LDRY] --------  : --------
[MAS.IRSYAD_____ 06-12-2021 LDRY] -- 01 --  : PAKAIAN (CUCI REG) | 2 x 8,000  >>  16,000
[MAS.IRSYAD_____ 06-12-2021 LDRY] -- 02 --  : BEDCOVER S (CUCI REG) | 1 x 15,000  >>  15,000
[MAS.IRSYAD_____ 06-12-2021 LDRY] --------  : --------
[MAS.IRSYAD_____ 06-12-2021 LDRY] total     : Rp 31,000
[MAS.IRSYAD_____ 06-12-2021 LDRY] paid      : Rp 50,000
[MAS.IRSYAD_____ 06-12-2021 LDRY] change    : Rp 19,000
[MAS.IRSYAD_____ 06-12-2021 LDRY] --------  : --------
[MAS.IRSYAD_____ 06-12-2021 LDRY] status    : SUCCESS
[............... 06-12-2021 ....] ==================================================
[MBA.AYU.R______ 06-12-2021 LDRY] invoice   : #F535EBF
[MBA.AYU.R______ 06-12-2021 LDRY] timestamp : 06-12-2021, 12:04:33 PM
[MBA.AYU.R______ 06-12-2021 LDRY] customer  : MBA AYU R
[MBA.AYU.R______ 06-12-2021 LDRY] phone     : 
[MBA.AYU.R______ 06-12-2021 LDRY] --------  : --------
[MBA.AYU.R______ 06-12-2021 LDRY] product   : LAUNDRY & DRY CLEANING
[MBA.AYU.R______ 06-12-2021 LDRY] deadline  : 12 JUN 2021 -- 12 JUN 2021
[MBA.AYU.R______ 06-12-2021 LDRY] --------  : --------
[MBA.AYU.R______ 06-12-2021 LDRY] -- 01 --  : PAKAIAN (CUCI REG) | 2 x 8,000  >>  16,000
[MBA.AYU.R______ 06-12-2021 LDRY] --------  : --------
[MBA.AYU.R______ 06-12-2021 LDRY] total     : Rp 16,000
[MBA.AYU.R______ 06-12-2021 LDRY] paid      : Rp 80,000
[MBA.AYU.R______ 06-12-2021 LDRY] change    : Rp 64,000
[MBA.AYU.R______ 06-12-2021 LDRY] --------  : --------
[MBA.AYU.R______ 06-12-2021 LDRY] status    : SUCCESS
[............... 06-12-2021 ....] ==================================================
[PAK.NASER______ 06-12-2021 LDRY] invoice   : #36F9DA2
[PAK.NASER______ 06-12-2021 LDRY] timestamp : 06-12-2021, 12:06:06 PM
[PAK.NASER______ 06-12-2021 LDRY] customer  : PAK NASER
[PAK.NASER______ 06-12-2021 LDRY] phone     : 
[PAK.NASER______ 06-12-2021 LDRY] --------  : --------
[PAK.NASER______ 06-12-2021 LDRY] product   : LAUNDRY & DRY CLEANING
[PAK.NASER______ 06-12-2021 LDRY] deadline  : 12 JUN 2021 -- 12 JUN 2021
[PAK.NASER______ 06-12-2021 LDRY] --------  : --------
[PAK.NASER______ 06-12-2021 LDRY] -- 01 --  : PAKAIAN (CUCI REG) | 3 x 8,000  >>  24,000
[PAK.NASER______ 06-12-2021 LDRY] --------  : --------
[PAK.NASER______ 06-12-2021 LDRY] total     : Rp 24,000
[PAK.NASER______ 06-12-2021 LDRY] paid      : Rp 50,000
[PAK.NASER______ 06-12-2021 LDRY] change    : Rp 26,000
[PAK.NASER______ 06-12-2021 LDRY] --------  : --------
[PAK.NASER______ 06-12-2021 LDRY] status    : SUCCESS
[............... 06-12-2021 ....] ==================================================
[MBA.AYU.R______ 06-12-2021 LDRY] invoice   : #9583D8D
[MBA.AYU.R______ 06-12-2021 LDRY] timestamp : 06-12-2021, 12:13:25 PM
[MBA.AYU.R______ 06-12-2021 LDRY] customer  : MBA AYU R
[MBA.AYU.R______ 06-12-2021 LDRY] phone     : 082125337746
[MBA.AYU.R______ 06-12-2021 LDRY] --------  : --------
[MBA.AYU.R______ 06-12-2021 LDRY] product   : LAUNDRY & DRY CLEANING
[MBA.AYU.R______ 06-12-2021 LDRY] deadline  : 12 JUN 2021 -- 12 JUN 2021
[MBA.AYU.R______ 06-12-2021 LDRY] --------  : --------
[MBA.AYU.R______ 06-12-2021 LDRY] -- 01 --  : PAKAIAN (CUCI REG) | 2 x 8,000  >>  16,000
[MBA.AYU.R______ 06-12-2021 LDRY] --------  : --------
[MBA.AYU.R______ 06-12-2021 LDRY] total     : Rp 16,000
[MBA.AYU.R______ 06-12-2021 LDRY] paid      : Rp 50,000
[MBA.AYU.R______ 06-12-2021 LDRY] change    : Rp 34,000
[MBA.AYU.R______ 06-12-2021 LDRY] --------  : --------
[MBA.AYU.R______ 06-12-2021 LDRY] status    : SUCCESS
[............... 06-12-2021 ....] ==================================================
[MAS.IRSYAD_____ 06-12-2021 LDRY] invoice   : #0DB8CF
[MAS.IRSYAD_____ 06-12-2021 LDRY] timestamp : 06-12-2021, 02:04:22 PM
[MAS.IRSYAD_____ 06-12-2021 LDRY] customer  : MAS IRSYAD
[MAS.IRSYAD_____ 06-12-2021 LDRY] phone     : 082125337746
[MAS.IRSYAD_____ 06-12-2021 LDRY] --------  : --------
[MAS.IRSYAD_____ 06-12-2021 LDRY] product   : LAUNDRY & DRY CLEANING
[MAS.IRSYAD_____ 06-12-2021 LDRY] deadline  : 12 JUN 2021 -- 12 JUN 2021
[MAS.IRSYAD_____ 06-12-2021 LDRY] --------  : --------
[MAS.IRSYAD_____ 06-12-2021 LDRY] -- 01 --  : PAKAIAN (CUCI REG) | 2 x 8,000  >>  16,000
[MAS.IRSYAD_____ 06-12-2021 LDRY] --------  : --------
[MAS.IRSYAD_____ 06-12-2021 LDRY] total     : Rp 16,000
[MAS.IRSYAD_____ 06-12-2021 LDRY] paid      : Rp 30,000
[MAS.IRSYAD_____ 06-12-2021 LDRY] change    : Rp 14,000
[MAS.IRSYAD_____ 06-12-2021 LDRY] --------  : --------
[MAS.IRSYAD_____ 06-12-2021 LDRY] status    : SUCCESS
[............... 06-12-2021 ....] ==================================================
[MAS.IRSYAD_____ 06-12-2021 LDRY] invoice   : #0DB8CF
[MAS.IRSYAD_____ 06-12-2021 LDRY] timestamp : 06-12-2021, 02:05:16 PM
[MAS.IRSYAD_____ 06-12-2021 LDRY] customer  : MAS IRSYAD
[MAS.IRSYAD_____ 06-12-2021 LDRY] phone     : 082125337746
[MAS.IRSYAD_____ 06-12-2021 LDRY] --------  : --------
[MAS.IRSYAD_____ 06-12-2021 LDRY] product   : LAUNDRY & DRY CLEANING
[MAS.IRSYAD_____ 06-12-2021 LDRY] deadline  : 12 JUN 2021 -- 12 JUN 2021
[MAS.IRSYAD_____ 06-12-2021 LDRY] --------  : --------
[MAS.IRSYAD_____ 06-12-2021 LDRY] -- 01 --  : PAKAIAN (CUCI REG) | 2 x 8,000  >>  16,000
[MAS.IRSYAD_____ 06-12-2021 LDRY] --------  : --------
[MAS.IRSYAD_____ 06-12-2021 LDRY] total     : Rp 16,000
[MAS.IRSYAD_____ 06-12-2021 LDRY] paid      : Rp 30,000
[MAS.IRSYAD_____ 06-12-2021 LDRY] change    : Rp 14,000
[MAS.IRSYAD_____ 06-12-2021 LDRY] --------  : --------
[MAS.IRSYAD_____ 06-12-2021 LDRY] status    : SUCCESS
[............... 06-12-2021 ....] ==================================================
[MBA.AYU.R______ 06-12-2021 LDRY] invoice   : #826F97
[MBA.AYU.R______ 06-12-2021 LDRY] timestamp : 06-12-2021, 02:05:31 PM
[MBA.AYU.R______ 06-12-2021 LDRY] customer  : MBA AYU R
[MBA.AYU.R______ 06-12-2021 LDRY] phone     : 
[MBA.AYU.R______ 06-12-2021 LDRY] --------  : --------
[MBA.AYU.R______ 06-12-2021 LDRY] product   : LAUNDRY & DRY CLEANING
[MBA.AYU.R______ 06-12-2021 LDRY] deadline  : 12 JUN 2021 -- 12 JUN 2021
[MBA.AYU.R______ 06-12-2021 LDRY] --------  : --------
[MBA.AYU.R______ 06-12-2021 LDRY] -- 01 --  : PAKAIAN (CUCI REG) | 2 x 8,000  >>  16,000
[MBA.AYU.R______ 06-12-2021 LDRY] --------  : --------
[MBA.AYU.R______ 06-12-2021 LDRY] total     : Rp 16,000
[MBA.AYU.R______ 06-12-2021 LDRY] paid      : Rp 30,000
[MBA.AYU.R______ 06-12-2021 LDRY] change    : Rp 14,000
[MBA.AYU.R______ 06-12-2021 LDRY] --------  : --------
[MBA.AYU.R______ 06-12-2021 LDRY] status    : SUCCESS
[............... 06-12-2021 ....] ==================================================
[MAS.IRSYAD_____ 06-12-2021 LDRY] invoice   : #B2754A
[MAS.IRSYAD_____ 06-12-2021 LDRY] timestamp : 06-12-2021, 02:09:11 PM
[MAS.IRSYAD_____ 06-12-2021 LDRY] customer  : MAS IRSYAD
[MAS.IRSYAD_____ 06-12-2021 LDRY] phone     : 
[MAS.IRSYAD_____ 06-12-2021 LDRY] --------  : --------
[MAS.IRSYAD_____ 06-12-2021 LDRY] product   : LAUNDRY & DRY CLEANING
[MAS.IRSYAD_____ 06-12-2021 LDRY] deadline  : 12 JUN 2021 -- 12 JUN 2021
[MAS.IRSYAD_____ 06-12-2021 LDRY] --------  : --------
[MAS.IRSYAD_____ 06-12-2021 LDRY] -- 01 --  : PAKAIAN (CUCI REG) | 3 x 8,000  >>  24,000
[MAS.IRSYAD_____ 06-12-2021 LDRY] --------  : --------
[MAS.IRSYAD_____ 06-12-2021 LDRY] total     : Rp 24,000
[MAS.IRSYAD_____ 06-12-2021 LDRY] paid      : Rp 0
[MAS.IRSYAD_____ 06-12-2021 LDRY] change    : Rp 0
[MAS.IRSYAD_____ 06-12-2021 LDRY] --------  : --------
[MAS.IRSYAD_____ 06-12-2021 LDRY] status    : PENDING
[............... 06-12-2021 ....] ==================================================
[MAS.IRSYAD_____ 06-12-2021 LDRY] invoice   : #B75D41
[MAS.IRSYAD_____ 06-12-2021 LDRY] timestamp : 06-12-2021, 02:13:53 PM
[MAS.IRSYAD_____ 06-12-2021 LDRY] customer  : MAS IRSYAD
[MAS.IRSYAD_____ 06-12-2021 LDRY] phone     : 2
[MAS.IRSYAD_____ 06-12-2021 LDRY] --------  : --------
[MAS.IRSYAD_____ 06-12-2021 LDRY] product   : LAUNDRY & DRY CLEANING
[MAS.IRSYAD_____ 06-12-2021 LDRY] deadline  : 12 JUN 2021 -- 12 JUN 2021
[MAS.IRSYAD_____ 06-12-2021 LDRY] --------  : --------
[MAS.IRSYAD_____ 06-12-2021 LDRY] -- 01 --  : PAKAIAN (CUCI REG) | 3 x 8,000  >>  24,000
[MAS.IRSYAD_____ 06-12-2021 LDRY] --------  : --------
[MAS.IRSYAD_____ 06-12-2021 LDRY] total     : Rp 24,000
[MAS.IRSYAD_____ 06-12-2021 LDRY] paid      : Rp 50,000
[MAS.IRSYAD_____ 06-12-2021 LDRY] change    : Rp 26,000
[MAS.IRSYAD_____ 06-12-2021 LDRY] --------  : --------
[MAS.IRSYAD_____ 06-12-2021 LDRY] status    : SUCCESS
[............... 06-12-2021 ....] ==================================================
[MAS.IRSYAD_____ 06-12-2021 LDRY] invoice   : #1DAAC3
[MAS.IRSYAD_____ 06-12-2021 LDRY] timestamp : 06-12-2021, 02:15:13 PM
[MAS.IRSYAD_____ 06-12-2021 LDRY] customer  : MAS IRSYAD
[MAS.IRSYAD_____ 06-12-2021 LDRY] phone     : 
[MAS.IRSYAD_____ 06-12-2021 LDRY] --------  : --------
[MAS.IRSYAD_____ 06-12-2021 LDRY] product   : LAUNDRY & DRY CLEANING
[MAS.IRSYAD_____ 06-12-2021 LDRY] deadline  : 12 JUN 2021 -- 12 JUN 2021
[MAS.IRSYAD_____ 06-12-2021 LDRY] --------  : --------
[MAS.IRSYAD_____ 06-12-2021 LDRY] -- 01 --  : PAKAIAN (CUCI REG) | 2 x 8,000  >>  16,000
[MAS.IRSYAD_____ 06-12-2021 LDRY] --------  : --------
[MAS.IRSYAD_____ 06-12-2021 LDRY] total     : Rp 16,000
[MAS.IRSYAD_____ 06-12-2021 LDRY] paid      : Rp 40,000
[MAS.IRSYAD_____ 06-12-2021 LDRY] change    : Rp 24,000
[MAS.IRSYAD_____ 06-12-2021 LDRY] --------  : --------
[MAS.IRSYAD_____ 06-12-2021 LDRY] status    : SUCCESS
[............... 06-12-2021 ....] ==================================================
[MAS.IRSYAD_____ 06-12-2021 LDRY] invoice   : #08713E
[MAS.IRSYAD_____ 06-12-2021 LDRY] timestamp : 06-12-2021, 02:21:44 PM
[MAS.IRSYAD_____ 06-12-2021 LDRY] customer  : MAS IRSYAD
[MAS.IRSYAD_____ 06-12-2021 LDRY] phone     : 081318420901
[MAS.IRSYAD_____ 06-12-2021 LDRY] --------  : --------
[MAS.IRSYAD_____ 06-12-2021 LDRY] product   : LAUNDRY & DRY CLEANING
[MAS.IRSYAD_____ 06-12-2021 LDRY] deadline  : 12 JUN 2021 -- 08 JUN 2021
[MAS.IRSYAD_____ 06-12-2021 LDRY] --------  : --------
[MAS.IRSYAD_____ 06-12-2021 LDRY] -- 01 --  : PAKAIAN (CUCI REG) | 2 x 8,000  >>  16,000
[MAS.IRSYAD_____ 06-12-2021 LDRY] --------  : --------
[MAS.IRSYAD_____ 06-12-2021 LDRY] total     : Rp 16,000
[MAS.IRSYAD_____ 06-12-2021 LDRY] paid      : Rp 40,000
[MAS.IRSYAD_____ 06-12-2021 LDRY] change    : Rp 24,000
[MAS.IRSYAD_____ 06-12-2021 LDRY] --------  : --------
[MAS.IRSYAD_____ 06-12-2021 LDRY] status    : SUCCESS
[............... 06-12-2021 ....] ==================================================
[MAS.IRSYAD_____ 06-12-2021 LDRY] invoice   : #D1BE48
[MAS.IRSYAD_____ 06-12-2021 LDRY] timestamp : 06-12-2021, 02:24:03 PM
[MAS.IRSYAD_____ 06-12-2021 LDRY] customer  : MAS IRSYAD
[MAS.IRSYAD_____ 06-12-2021 LDRY] phone     : 081318420901
[MAS.IRSYAD_____ 06-12-2021 LDRY] --------  : --------
[MAS.IRSYAD_____ 06-12-2021 LDRY] product   : LAUNDRY & DRY CLEANING
[MAS.IRSYAD_____ 06-12-2021 LDRY] deadline  : 12 JUN 2021 -- 12 JUN 2021
[MAS.IRSYAD_____ 06-12-2021 LDRY] --------  : --------
[MAS.IRSYAD_____ 06-12-2021 LDRY] -- 01 --  : PAKAIAN (CUCI REG) | 3 x 8,000  >>  24,000
[MAS.IRSYAD_____ 06-12-2021 LDRY] --------  : --------
[MAS.IRSYAD_____ 06-12-2021 LDRY] total     : Rp 24,000
[MAS.IRSYAD_____ 06-12-2021 LDRY] paid      : Rp 30,000
[MAS.IRSYAD_____ 06-12-2021 LDRY] change    : Rp 6,000
[MAS.IRSYAD_____ 06-12-2021 LDRY] --------  : --------
[MAS.IRSYAD_____ 06-12-2021 LDRY] status    : SUCCESS
[............... 06-12-2021 ....] ==================================================
[MAS.IRSYAD_____ 06-12-2021 LDRY] invoice   : #2C2EDD
[MAS.IRSYAD_____ 06-12-2021 LDRY] timestamp : 06-12-2021, 02:26:01 PM
[MAS.IRSYAD_____ 06-12-2021 LDRY] customer  : MAS IRSYAD
[MAS.IRSYAD_____ 06-12-2021 LDRY] phone     : 30201
[MAS.IRSYAD_____ 06-12-2021 LDRY] --------  : --------
[MAS.IRSYAD_____ 06-12-2021 LDRY] product   : LAUNDRY & DRY CLEANING
[MAS.IRSYAD_____ 06-12-2021 LDRY] deadline  : 12 JUN 2021 -- 12 JUN 2021
[MAS.IRSYAD_____ 06-12-2021 LDRY] --------  : --------
[MAS.IRSYAD_____ 06-12-2021 LDRY] -- 01 --  : PAKAIAN (CUCI REG) | 2 x 8,000  >>  16,000
[MAS.IRSYAD_____ 06-12-2021 LDRY] --------  : --------
[MAS.IRSYAD_____ 06-12-2021 LDRY] total     : Rp 16,000
[MAS.IRSYAD_____ 06-12-2021 LDRY] paid      : Rp 30,000
[MAS.IRSYAD_____ 06-12-2021 LDRY] change    : Rp 14,000
[MAS.IRSYAD_____ 06-12-2021 LDRY] --------  : --------
[MAS.IRSYAD_____ 06-12-2021 LDRY] status    : SUCCESS
[............... 06-12-2021 ....] ==================================================
[IBU.NURWULAN.K_ 06-12-2021 LDRY] invoice   : #701819
[IBU.NURWULAN.K_ 06-12-2021 LDRY] timestamp : 06-12-2021, 02:26:51 PM
[IBU.NURWULAN.K_ 06-12-2021 LDRY] customer  : IBU NURWULAN K
[IBU.NURWULAN.K_ 06-12-2021 LDRY] phone     : 082125337746
[IBU.NURWULAN.K_ 06-12-2021 LDRY] --------  : --------
[IBU.NURWULAN.K_ 06-12-2021 LDRY] product   : LAUNDRY & DRY CLEANING
[IBU.NURWULAN.K_ 06-12-2021 LDRY] deadline  : 12 JUN 2021 -- 12 JUN 2021
[IBU.NURWULAN.K_ 06-12-2021 LDRY] --------  : --------
[IBU.NURWULAN.K_ 06-12-2021 LDRY] -- 01 --  : PAKAIAN (CUCI REG) | 2 x 8,000  >>  16,000
[IBU.NURWULAN.K_ 06-12-2021 LDRY] --------  : --------
[IBU.NURWULAN.K_ 06-12-2021 LDRY] total     : Rp 16,000
[IBU.NURWULAN.K_ 06-12-2021 LDRY] paid      : Rp 30,000
[IBU.NURWULAN.K_ 06-12-2021 LDRY] change    : Rp 14,000
[IBU.NURWULAN.K_ 06-12-2021 LDRY] --------  : --------
[IBU.NURWULAN.K_ 06-12-2021 LDRY] status    : SUCCESS
[............... 06-12-2021 ....] ==================================================
[MBA.AYU.R______ 06-12-2021 LDRY] invoice   : #4B461B
[MBA.AYU.R______ 06-12-2021 LDRY] timestamp : 06-12-2021, 02:31:25 PM
[MBA.AYU.R______ 06-12-2021 LDRY] customer  : MBA AYU R
[MBA.AYU.R______ 06-12-2021 LDRY] phone     : 
[MBA.AYU.R______ 06-12-2021 LDRY] --------  : --------
[MBA.AYU.R______ 06-12-2021 LDRY] product   : LAUNDRY & DRY CLEANING
[MBA.AYU.R______ 06-12-2021 LDRY] deadline  : 12 JUN 2021 -- 12 JUN 2021
[MBA.AYU.R______ 06-12-2021 LDRY] --------  : --------
[MBA.AYU.R______ 06-12-2021 LDRY] -- 01 --  : PAKAIAN (CUCI REG) | 2 x 8,000  >>  16,000
[MBA.AYU.R______ 06-12-2021 LDRY] --------  : --------
[MBA.AYU.R______ 06-12-2021 LDRY] total     : Rp 16,000
[MBA.AYU.R______ 06-12-2021 LDRY] paid      : Rp 30,000
[MBA.AYU.R______ 06-12-2021 LDRY] change    : Rp 14,000
[MBA.AYU.R______ 06-12-2021 LDRY] --------  : --------
[MBA.AYU.R______ 06-12-2021 LDRY] status    : SUCCESS
[............... 06-12-2021 ....] ==================================================
[MAS.IRSYAD_____ 06-12-2021 LDRY] invoice   : #44FAA1
[MAS.IRSYAD_____ 06-12-2021 LDRY] timestamp : 06-12-2021, 02:37:30 PM
[MAS.IRSYAD_____ 06-12-2021 LDRY] customer  : MAS IRSYAD
[MAS.IRSYAD_____ 06-12-2021 LDRY] phone     : -2
[MAS.IRSYAD_____ 06-12-2021 LDRY] --------  : --------
[MAS.IRSYAD_____ 06-12-2021 LDRY] product   : LAUNDRY & DRY CLEANING
[MAS.IRSYAD_____ 06-12-2021 LDRY] deadline  : 12 JUN 2021 -- 12 JUN 2021
[MAS.IRSYAD_____ 06-12-2021 LDRY] --------  : --------
[MAS.IRSYAD_____ 06-12-2021 LDRY] -- 01 --  : PAKAIAN (CUCI REG) | 2 x 8,000  >>  16,000
[MAS.IRSYAD_____ 06-12-2021 LDRY] --------  : --------
[MAS.IRSYAD_____ 06-12-2021 LDRY] total     : Rp 16,000
[MAS.IRSYAD_____ 06-12-2021 LDRY] paid      : Rp 30,000
[MAS.IRSYAD_____ 06-12-2021 LDRY] change    : Rp 14,000
[MAS.IRSYAD_____ 06-12-2021 LDRY] --------  : --------
[MAS.IRSYAD_____ 06-12-2021 LDRY] status    : SUCCESS
[............... 06-12-2021 ....] ==================================================
[MAS.IRSYAD_____ 06-12-2021 LDRY] invoice   : #4AD076
[MAS.IRSYAD_____ 06-12-2021 LDRY] timestamp : 06-12-2021, 02:45:44 PM
[MAS.IRSYAD_____ 06-12-2021 LDRY] customer  : MAS IRSYAD
[MAS.IRSYAD_____ 06-12-2021 LDRY] phone     : 
[MAS.IRSYAD_____ 06-12-2021 LDRY] --------  : --------
[MAS.IRSYAD_____ 06-12-2021 LDRY] product   : LAUNDRY & DRY CLEANING
[MAS.IRSYAD_____ 06-12-2021 LDRY] deadline  : 12-06-2021 -- 15-06-2021
[MAS.IRSYAD_____ 06-12-2021 LDRY] --------  : --------
[MAS.IRSYAD_____ 06-12-2021 LDRY] -- 01 --  : PAKAIAN (CUCI REG) | 2 x 8,000  >>  16,000
[MAS.IRSYAD_____ 06-12-2021 LDRY] --------  : --------
[MAS.IRSYAD_____ 06-12-2021 LDRY] total     : Rp 16,000
[MAS.IRSYAD_____ 06-12-2021 LDRY] paid      : Rp 30,000
[MAS.IRSYAD_____ 06-12-2021 LDRY] change    : Rp 14,000
[MAS.IRSYAD_____ 06-12-2021 LDRY] --------  : --------
[MAS.IRSYAD_____ 06-12-2021 LDRY] status    : SUCCESS
[............... 06-12-2021 ....] ==================================================
[MAS.IRSYAD_____ 06-12-2021 LDRY] invoice   : #B9033F
[MAS.IRSYAD_____ 06-12-2021 LDRY] timestamp : 06-12-2021, 03:10:17 PM
[MAS.IRSYAD_____ 06-12-2021 LDRY] customer  : MAS IRSYAD
[MAS.IRSYAD_____ 06-12-2021 LDRY] phone     : 
[MAS.IRSYAD_____ 06-12-2021 LDRY] --------  : --------
[MAS.IRSYAD_____ 06-12-2021 LDRY] product   : LAUNDRY & DRY CLEANING
[MAS.IRSYAD_____ 06-12-2021 LDRY] deadline  : 12-06-2021 -- 12-06-2021
[MAS.IRSYAD_____ 06-12-2021 LDRY] --------  : --------
[MAS.IRSYAD_____ 06-12-2021 LDRY] -- 01 --  : PAKAIAN (CUCI REG) | 2,121 x 8,000  >>  16,968
[MAS.IRSYAD_____ 06-12-2021 LDRY] --------  : --------
[MAS.IRSYAD_____ 06-12-2021 LDRY] total     : Rp 16,968
[MAS.IRSYAD_____ 06-12-2021 LDRY] paid      : Rp 31,000
[MAS.IRSYAD_____ 06-12-2021 LDRY] change    : Rp 14,032
[MAS.IRSYAD_____ 06-12-2021 LDRY] --------  : --------
[MAS.IRSYAD_____ 06-12-2021 LDRY] status    : SUCCESS
[............... 06-12-2021 ....] ==================================================
[MAS.IRSYAD_____ 06-12-2021 LDRY] invoice   : #388339
[MAS.IRSYAD_____ 06-12-2021 LDRY] timestamp : 06-12-2021, 03:44:35 PM
[MAS.IRSYAD_____ 06-12-2021 LDRY] customer  : MAS IRSYAD
[MAS.IRSYAD_____ 06-12-2021 LDRY] phone     : 
[MAS.IRSYAD_____ 06-12-2021 LDRY] --------  : --------
[MAS.IRSYAD_____ 06-12-2021 LDRY] product   : LAUNDRY & DRY CLEANING
[MAS.IRSYAD_____ 06-12-2021 LDRY] deadline  : 12-06-2021 -- 12-06-2021
[MAS.IRSYAD_____ 06-12-2021 LDRY] --------  : --------
[MAS.IRSYAD_____ 06-12-2021 LDRY] -- 01 --  : PAKAIAN (CUCI REG) | 2 x 8,000  >>  16,000
[MAS.IRSYAD_____ 06-12-2021 LDRY] --------  : --------
[MAS.IRSYAD_____ 06-12-2021 LDRY] total     : Rp 16,000
[MAS.IRSYAD_____ 06-12-2021 LDRY] paid      : Rp 40,000
[MAS.IRSYAD_____ 06-12-2021 LDRY] change    : Rp 24,000
[MAS.IRSYAD_____ 06-12-2021 LDRY] --------  : --------
[MAS.IRSYAD_____ 06-12-2021 LDRY] status    : SUCCESS
[............... 06-12-2021 ....] ==================================================
[PAK.NASER______ 06-12-2021 LDRY] invoice   : #2999C9
[PAK.NASER______ 06-12-2021 LDRY] timestamp : 06-12-2021, 07:23:59 PM
[PAK.NASER______ 06-12-2021 LDRY] customer  : PAK NASER
[PAK.NASER______ 06-12-2021 LDRY] phone     : 082123895755
[PAK.NASER______ 06-12-2021 LDRY] --------  : --------
[PAK.NASER______ 06-12-2021 LDRY] product   : LAUNDRY & DRY CLEANING
[PAK.NASER______ 06-12-2021 LDRY] deadline  : 12-06-2021 -- 15-06-2021
[PAK.NASER______ 06-12-2021 LDRY] --------  : --------
[PAK.NASER______ 06-12-2021 LDRY] -- 01 --  : PAKAIAN (CUCI REG) | 3,121 x 8,000  >>  24,968
[PAK.NASER______ 06-12-2021 LDRY] -- 02 --  : PAKAIAN (DRY CLEAN REG) | 2 x 20,000  >>  40,000
[PAK.NASER______ 06-12-2021 LDRY] --------  : --------
[PAK.NASER______ 06-12-2021 LDRY] total     : Rp 64,968
[PAK.NASER______ 06-12-2021 LDRY] paid      : Rp 100,000
[PAK.NASER______ 06-12-2021 LDRY] change    : Rp 35,032
[PAK.NASER______ 06-12-2021 LDRY] --------  : --------
[PAK.NASER______ 06-12-2021 LDRY] status    : SUCCESS
[............... 06-12-2021 ....] ==================================================
[PAK.NASER______ 06-12-2021 LDRY] invoice   : #2999C9
[PAK.NASER______ 06-12-2021 LDRY] timestamp : 06-12-2021, 07:25:11 PM
[PAK.NASER______ 06-12-2021 LDRY] customer  : PAK NASER
[PAK.NASER______ 06-12-2021 LDRY] phone     : 082123895755
[PAK.NASER______ 06-12-2021 LDRY] --------  : --------
[PAK.NASER______ 06-12-2021 LDRY] product   : LAUNDRY & DRY CLEANING
[PAK.NASER______ 06-12-2021 LDRY] deadline  : 12-06-2021 -- 15-06-2021
[PAK.NASER______ 06-12-2021 LDRY] --------  : --------
[PAK.NASER______ 06-12-2021 LDRY] -- 01 --  : PAKAIAN (CUCI REG) | 3,121 x 8,000  >>  24,968
[PAK.NASER______ 06-12-2021 LDRY] -- 02 --  : PAKAIAN (DRY CLEAN REG) | 2 x 20,000  >>  40,000
[PAK.NASER______ 06-12-2021 LDRY] --------  : --------
[PAK.NASER______ 06-12-2021 LDRY] total     : Rp 64,968
[PAK.NASER______ 06-12-2021 LDRY] paid      : Rp 100,000
[PAK.NASER______ 06-12-2021 LDRY] change    : Rp 35,032
[PAK.NASER______ 06-12-2021 LDRY] --------  : --------
[PAK.NASER______ 06-12-2021 LDRY] status    : SUCCESS
[............... 06-12-2021 ....] ==================================================
[PAK.NASER______ 06-12-2021 LDRY] invoice   : #CD83FF
[PAK.NASER______ 06-12-2021 LDRY] timestamp : 06-12-2021, 07:26:47 PM
[PAK.NASER______ 06-12-2021 LDRY] customer  : PAK NASER
[PAK.NASER______ 06-12-2021 LDRY] phone     : 
[PAK.NASER______ 06-12-2021 LDRY] --------  : --------
[PAK.NASER______ 06-12-2021 LDRY] product   : LAUNDRY & DRY CLEANING
[PAK.NASER______ 06-12-2021 LDRY] deadline  : 12-06-2021 -- 12-06-2021
[PAK.NASER______ 06-12-2021 LDRY] --------  : --------
[PAK.NASER______ 06-12-2021 LDRY] -- 01 --  : PAKAIAN (CUCI REG) | 2 x 8,000  >>  16,000
[PAK.NASER______ 06-12-2021 LDRY] --------  : --------
[PAK.NASER______ 06-12-2021 LDRY] total     : Rp 16,000
[PAK.NASER______ 06-12-2021 LDRY] paid      : Rp 30,000
[PAK.NASER______ 06-12-2021 LDRY] change    : Rp 14,000
[PAK.NASER______ 06-12-2021 LDRY] --------  : --------
[PAK.NASER______ 06-12-2021 LDRY] status    : SUCCESS
[............... 06-12-2021 ....] ==================================================
[IBU.NURWULAN.K_ 06-12-2021 LDRY] invoice   : #FD180D
[IBU.NURWULAN.K_ 06-12-2021 LDRY] timestamp : 06-12-2021, 07:27:55 PM
[IBU.NURWULAN.K_ 06-12-2021 LDRY] customer  : IBU NURWULAN K
[IBU.NURWULAN.K_ 06-12-2021 LDRY] phone     : 
[IBU.NURWULAN.K_ 06-12-2021 LDRY] --------  : --------
[IBU.NURWULAN.K_ 06-12-2021 LDRY] product   : LAUNDRY & DRY CLEANING
[IBU.NURWULAN.K_ 06-12-2021 LDRY] deadline  : 12-06-2021 -- 12-06-2021
[IBU.NURWULAN.K_ 06-12-2021 LDRY] --------  : --------
[IBU.NURWULAN.K_ 06-12-2021 LDRY] -- 01 --  : PAKAIAN (CUCI REG) | 5,212 x 8,000  >>  41,696
[IBU.NURWULAN.K_ 06-12-2021 LDRY] --------  : --------
[IBU.NURWULAN.K_ 06-12-2021 LDRY] total     : Rp 41,696
[IBU.NURWULAN.K_ 06-12-2021 LDRY] paid      : Rp 0
[IBU.NURWULAN.K_ 06-12-2021 LDRY] change    : Rp 0
[IBU.NURWULAN.K_ 06-12-2021 LDRY] --------  : --------
[IBU.NURWULAN.K_ 06-12-2021 LDRY] status    : PENDING
[............... 06-12-2021 ....] ==================================================
[MAS.DIKA_______ 06-12-2021 LDRY] invoice   : #B72829
[MAS.DIKA_______ 06-12-2021 LDRY] timestamp : 06-12-2021, 07:29:39 PM
[MAS.DIKA_______ 06-12-2021 LDRY] customer  : MAS DIKA
[MAS.DIKA_______ 06-12-2021 LDRY] phone     : 
[MAS.DIKA_______ 06-12-2021 LDRY] --------  : --------
[MAS.DIKA_______ 06-12-2021 LDRY] product   : LAUNDRY & DRY CLEANING
[MAS.DIKA_______ 06-12-2021 LDRY] deadline  : 12-06-2021 -- 12-06-2021
[MAS.DIKA_______ 06-12-2021 LDRY] --------  : --------
[MAS.DIKA_______ 06-12-2021 LDRY] -- 01 --  : PAKAIAN (CUCI REG) | 1,121 x 8,000  >>  15,000
[MAS.DIKA_______ 06-12-2021 LDRY] -- 02 --  : SPREI M (CUCI REG) | 4 x 15,000  >>  60,000
[MAS.DIKA_______ 06-12-2021 LDRY] --------  : --------
[MAS.DIKA_______ 06-12-2021 LDRY] total     : Rp 75,000
[MAS.DIKA_______ 06-12-2021 LDRY] paid      : Rp 100,000
[MAS.DIKA_______ 06-12-2021 LDRY] change    : Rp 25,000
[MAS.DIKA_______ 06-12-2021 LDRY] --------  : --------
[MAS.DIKA_______ 06-12-2021 LDRY] status    : SUCCESS
[............... 06-12-2021 ....] ==================================================
[MAS.DIKA_______ 06-12-2021 LDRY] invoice   : #B72829
[MAS.DIKA_______ 06-12-2021 LDRY] timestamp : 06-12-2021, 07:33:02 PM
[MAS.DIKA_______ 06-12-2021 LDRY] customer  : MAS DIKA
[MAS.DIKA_______ 06-12-2021 LDRY] phone     : 
[MAS.DIKA_______ 06-12-2021 LDRY] --------  : --------
[MAS.DIKA_______ 06-12-2021 LDRY] product   : LAUNDRY & DRY CLEANING
[MAS.DIKA_______ 06-12-2021 LDRY] deadline  : 12-06-2021 -- 12-06-2021
[MAS.DIKA_______ 06-12-2021 LDRY] --------  : --------
[MAS.DIKA_______ 06-12-2021 LDRY] -- 01 --  : PAKAIAN (CUCI REG) | 1,121 x 8,000  >>  15,000
[MAS.DIKA_______ 06-12-2021 LDRY] -- 02 --  : SPREI M (CUCI REG) | 4 x 15,000  >>  60,000
[MAS.DIKA_______ 06-12-2021 LDRY] --------  : --------
[MAS.DIKA_______ 06-12-2021 LDRY] total     : Rp 75,000
[MAS.DIKA_______ 06-12-2021 LDRY] paid      : Rp 100,000
[MAS.DIKA_______ 06-12-2021 LDRY] change    : Rp 25,000
[MAS.DIKA_______ 06-12-2021 LDRY] --------  : --------
[MAS.DIKA_______ 06-12-2021 LDRY] status    : SUCCESS
[............... 06-12-2021 ....] ==================================================
[IBU.WINDA______ 06-12-2021 LDRY] invoice   : #72382B
[IBU.WINDA______ 06-12-2021 LDRY] timestamp : 06-12-2021, 07:35:00 PM
[IBU.WINDA______ 06-12-2021 LDRY] customer  : IBU WINDA
[IBU.WINDA______ 06-12-2021 LDRY] phone     : 02125337746
[IBU.WINDA______ 06-12-2021 LDRY] --------  : --------
[IBU.WINDA______ 06-12-2021 LDRY] product   : LAUNDRY & DRY CLEANING
[IBU.WINDA______ 06-12-2021 LDRY] deadline  : 12-06-2021 -- 12-06-2021
[IBU.WINDA______ 06-12-2021 LDRY] --------  : --------
[IBU.WINDA______ 06-12-2021 LDRY] -- 01 --  : PAKAIAN (CUCI REG) | 2 x 8,000  >>  16,000
[IBU.WINDA______ 06-12-2021 LDRY] --------  : --------
[IBU.WINDA______ 06-12-2021 LDRY] total     : Rp 16,000
[IBU.WINDA______ 06-12-2021 LDRY] paid      : Rp 40,000
[IBU.WINDA______ 06-12-2021 LDRY] change    : Rp 24,000
[IBU.WINDA______ 06-12-2021 LDRY] --------  : --------
[IBU.WINDA______ 06-12-2021 LDRY] status    : SUCCESS
[............... 06-12-2021 ....] ==================================================
[MAS.IRSYAD_____ 06-12-2021 CHEM] invoice   : #FB6512
[MAS.IRSYAD_____ 06-12-2021 CHEM] timestamp : 06-12-2021, 07:40:33 PM
[MAS.IRSYAD_____ 06-12-2021 CHEM] customer  : MAS IRSYAD
[MAS.IRSYAD_____ 06-12-2021 CHEM] phone     : 
[MAS.IRSYAD_____ 06-12-2021 CHEM] --------  : --------
[MAS.IRSYAD_____ 06-12-2021 CHEM] product   : SUPER CHEMICAL LAUNDRY
[MAS.IRSYAD_____ 06-12-2021 CHEM] --------  : --------
[MAS.IRSYAD_____ 06-12-2021 CHEM] -- 01 --  : MOLTO B (PARFUM)   | 2 x 42,000  >> 84,000
[MAS.IRSYAD_____ 06-12-2021 CHEM] --------  : --------
[MAS.IRSYAD_____ 06-12-2021 CHEM] total     : Rp 84,000
[MAS.IRSYAD_____ 06-12-2021 CHEM] paid      : Rp 100,000
[MAS.IRSYAD_____ 06-12-2021 CHEM] change    : Rp 16,000
[MAS.IRSYAD_____ 06-12-2021 CHEM] --------  : --------
[MAS.IRSYAD_____ 06-12-2021 CHEM] status    : SUCCESS
[............... 06-12-2021 ....] ==================================================
[PAK.NASER______ 06-12-2021 CHEM] invoice   : #FD2D86
[PAK.NASER______ 06-12-2021 CHEM] timestamp : 06-12-2021, 07:41:50 PM
[PAK.NASER______ 06-12-2021 CHEM] customer  : PAK NASER
[PAK.NASER______ 06-12-2021 CHEM] phone     : 
[PAK.NASER______ 06-12-2021 CHEM] --------  : --------
[PAK.NASER______ 06-12-2021 CHEM] product   : SUPER CHEMICAL LAUNDRY
[PAK.NASER______ 06-12-2021 CHEM] --------  : --------
[PAK.NASER______ 06-12-2021 CHEM] -- 01 --  : MOLTO B (PELEMBUT)   | 2 x 20,000  >> 40,000
[PAK.NASER______ 06-12-2021 CHEM] --------  : --------
[PAK.NASER______ 06-12-2021 CHEM] total     : Rp 40,000
[PAK.NASER______ 06-12-2021 CHEM] paid      : Rp 50,000
[PAK.NASER______ 06-12-2021 CHEM] change    : Rp 10,000
[PAK.NASER______ 06-12-2021 CHEM] --------  : --------
[PAK.NASER______ 06-12-2021 CHEM] status    : SUCCESS
[............... 06-12-2021 ....] ==================================================
[IBU.WINDA______ 06-12-2021 CHEM] invoice   : #CB3EFB
[IBU.WINDA______ 06-12-2021 CHEM] timestamp : 06-12-2021, 07:49:01 PM
[IBU.WINDA______ 06-12-2021 CHEM] customer  : IBU WINDA
[IBU.WINDA______ 06-12-2021 CHEM] phone     : 
[IBU.WINDA______ 06-12-2021 CHEM] --------  : --------
[IBU.WINDA______ 06-12-2021 CHEM] product   : SUPER CHEMICAL LAUNDRY
[IBU.WINDA______ 06-12-2021 CHEM] --------  : --------
[IBU.WINDA______ 06-12-2021 CHEM] -- 01 --  : MOLTO B (PARFUM)   | 3 x 42,000  >> 126,000
[IBU.WINDA______ 06-12-2021 CHEM] --------  : --------
[IBU.WINDA______ 06-12-2021 CHEM] total     : Rp 126,000
[IBU.WINDA______ 06-12-2021 CHEM] paid      : Rp 200,000
[IBU.WINDA______ 06-12-2021 CHEM] change    : Rp 74,000
[IBU.WINDA______ 06-12-2021 CHEM] --------  : --------
[IBU.WINDA______ 06-12-2021 CHEM] status    : SUCCESS
[............... 06-12-2021 ....] ==================================================
[MAS.DIKA_______ 06-12-2021 CHEM] invoice   : #6441B6
[MAS.DIKA_______ 06-12-2021 CHEM] timestamp : 06-12-2021, 07:51:10 PM
[MAS.DIKA_______ 06-12-2021 CHEM] customer  : MAS DIKA
[MAS.DIKA_______ 06-12-2021 CHEM] phone     : 
[MAS.DIKA_______ 06-12-2021 CHEM] --------  : --------
[MAS.DIKA_______ 06-12-2021 CHEM] product   : SUPER CHEMICAL LAUNDRY
[MAS.DIKA_______ 06-12-2021 CHEM] --------  : --------
[MAS.DIKA_______ 06-12-2021 CHEM] -- 01 --  : MOLTO B (PARFUM)   | 3 x 42,000  >> 126,000
[MAS.DIKA_______ 06-12-2021 CHEM] --------  : --------
[MAS.DIKA_______ 06-12-2021 CHEM] total     : Rp 126,000
[MAS.DIKA_______ 06-12-2021 CHEM] paid      : Rp 0
[MAS.DIKA_______ 06-12-2021 CHEM] change    : Rp 0
[MAS.DIKA_______ 06-12-2021 CHEM] --------  : --------
[MAS.DIKA_______ 06-12-2021 CHEM] status    : PENDING
[............... 06-12-2021 ....] ==================================================
[IBU.WINDA______ 06-12-2021 CHEM] invoice   : #D8F588
[IBU.WINDA______ 06-12-2021 CHEM] timestamp : 06-12-2021, 07:53:47 PM
[IBU.WINDA______ 06-12-2021 CHEM] customer  : IBU WINDA
[IBU.WINDA______ 06-12-2021 CHEM] phone     : 
[IBU.WINDA______ 06-12-2021 CHEM] --------  : --------
[IBU.WINDA______ 06-12-2021 CHEM] product   : SUPER CHEMICAL LAUNDRY
[IBU.WINDA______ 06-12-2021 CHEM] --------  : --------
[IBU.WINDA______ 06-12-2021 CHEM] -- 01 --  : MOLTO B (PARFUM)   | 1 x 42,000  >> 42,000
[IBU.WINDA______ 06-12-2021 CHEM] --------  : --------
[IBU.WINDA______ 06-12-2021 CHEM] total     : Rp 42,000
[IBU.WINDA______ 06-12-2021 CHEM] paid      : Rp 0
[IBU.WINDA______ 06-12-2021 CHEM] change    : Rp 0
[IBU.WINDA______ 06-12-2021 CHEM] --------  : --------
[IBU.WINDA______ 06-12-2021 CHEM] status    : PENDING
[............... 06-12-2021 ....] ==================================================
[MAS.DIKA_______ 06-12-2021 CHEM] invoice   : #613C82
[MAS.DIKA_______ 06-12-2021 CHEM] timestamp : 06-12-2021, 07:56:00 PM
[MAS.DIKA_______ 06-12-2021 CHEM] customer  : MAS DIKA
[MAS.DIKA_______ 06-12-2021 CHEM] phone     : 
[MAS.DIKA_______ 06-12-2021 CHEM] --------  : --------
[MAS.DIKA_______ 06-12-2021 CHEM] product   : SUPER CHEMICAL LAUNDRY
[MAS.DIKA_______ 06-12-2021 CHEM] --------  : --------
[MAS.DIKA_______ 06-12-2021 CHEM] -- 01 --  : MOLTO B (PELEMBUT)   | 2 x 20,000  >> 40,000
[MAS.DIKA_______ 06-12-2021 CHEM] --------  : --------
[MAS.DIKA_______ 06-12-2021 CHEM] total     : Rp 40,000
[MAS.DIKA_______ 06-12-2021 CHEM] paid      : Rp 50,000
[MAS.DIKA_______ 06-12-2021 CHEM] change    : Rp 10,000
[MAS.DIKA_______ 06-12-2021 CHEM] --------  : --------
[MAS.DIKA_______ 06-12-2021 CHEM] status    : SUCCESS
[............... 06-12-2021 ....] ==================================================
[MAS.DIKA_______ 06-12-2021 STAT] invoice   : #DF5657
[MAS.DIKA_______ 06-12-2021 STAT] timestamp : 06-12-2021, 08:21:53 PM
[MAS.DIKA_______ 06-12-2021 STAT] customer  : MAS DIKA
[MAS.DIKA_______ 06-12-2021 STAT] phone     : 
[MAS.DIKA_______ 06-12-2021 STAT] --------  : --------
[MAS.DIKA_______ 06-12-2021 STAT] product   : STATIONERY & LE MINERAL
[MAS.DIKA_______ 06-12-2021 STAT] --------  : --------
[MAS.DIKA_______ 06-12-2021 STAT] -- 01 --  : Buku Tulis Campus | 20 x 1000 >> 20,000
[MAS.DIKA_______ 06-12-2021 STAT] --------  : --------
[MAS.DIKA_______ 06-12-2021 STAT] total     : Rp 20,000
[MAS.DIKA_______ 06-12-2021 STAT] paid      : Rp 0
[MAS.DIKA_______ 06-12-2021 STAT] change    : Rp 0
[MAS.DIKA_______ 06-12-2021 STAT] --------  : --------
[MAS.DIKA_______ 06-12-2021 STAT] status    : PENDING
[............... 06-12-2021 ....] ==================================================
[MBA.AYU.R______ 06-12-2021 STAT] invoice   : #848CE5
[MBA.AYU.R______ 06-12-2021 STAT] timestamp : 06-12-2021, 08:33:33 PM
[MBA.AYU.R______ 06-12-2021 STAT] customer  : MBA AYU R
[MBA.AYU.R______ 06-12-2021 STAT] phone     : 
[MBA.AYU.R______ 06-12-2021 STAT] --------  : --------
[MBA.AYU.R______ 06-12-2021 STAT] product   : STATIONERY & LE MINERAL
[MBA.AYU.R______ 06-12-2021 STAT] --------  : --------
[MBA.AYU.R______ 06-12-2021 STAT] -- 01 --  : Buku Tulis Campus | 3 x 1000 >> 3,000
[MBA.AYU.R______ 06-12-2021 STAT] --------  : --------
[MBA.AYU.R______ 06-12-2021 STAT] total     : Rp 3,000
[MBA.AYU.R______ 06-12-2021 STAT] paid      : Rp 5,000
[MBA.AYU.R______ 06-12-2021 STAT] change    : Rp 2,000
[MBA.AYU.R______ 06-12-2021 STAT] --------  : --------
[MBA.AYU.R______ 06-12-2021 STAT] status    : SUCCESS
[............... 06-12-2021 ....] ==================================================
[MBA.AYU.R______ 06-12-2021 STAT] invoice   : #E8D565
[MBA.AYU.R______ 06-12-2021 STAT] timestamp : 06-12-2021, 08:36:43 PM
[MBA.AYU.R______ 06-12-2021 STAT] customer  : MBA AYU R
[MBA.AYU.R______ 06-12-2021 STAT] phone     : 
[MBA.AYU.R______ 06-12-2021 STAT] --------  : --------
[MBA.AYU.R______ 06-12-2021 STAT] product   : STATIONERY & LEMINERAL
[MBA.AYU.R______ 06-12-2021 STAT] --------  : --------
[MBA.AYU.R______ 06-12-2021 STAT] -- 01 --  : Buku Tulis Campus | 3 x 1000 >> 3,000
[MBA.AYU.R______ 06-12-2021 STAT] --------  : --------
[MBA.AYU.R______ 06-12-2021 STAT] total     : Rp 3,000
[MBA.AYU.R______ 06-12-2021 STAT] paid      : Rp 0
[MBA.AYU.R______ 06-12-2021 STAT] change    : Rp 0
[MBA.AYU.R______ 06-12-2021 STAT] --------  : --------
[MBA.AYU.R______ 06-12-2021 STAT] status    : PENDING
[............... 06-12-2021 ....] ==================================================
[MAS.IRSYAD_____ 06-12-2021 CHEM] invoice   : #472379
[MAS.IRSYAD_____ 06-12-2021 CHEM] timestamp : 06-12-2021, 09:01:50 PM
[MAS.IRSYAD_____ 06-12-2021 CHEM] customer  : MAS IRSYAD
[MAS.IRSYAD_____ 06-12-2021 CHEM] phone     : 
[MAS.IRSYAD_____ 06-12-2021 CHEM] --------  : --------
[MAS.IRSYAD_____ 06-12-2021 CHEM] product   : SUPER CHEMICAL LAUNDRY
[MAS.IRSYAD_____ 06-12-2021 CHEM] --------  : --------
[MAS.IRSYAD_____ 06-12-2021 CHEM] -- 01 --  : MOLTO B (PARFUM) + 2 JUG 1L | 2 x 42,000 + 14,000 >> 98,000
[MAS.IRSYAD_____ 06-12-2021 CHEM] --------  : --------
[MAS.IRSYAD_____ 06-12-2021 CHEM] total     : Rp 98,000
[MAS.IRSYAD_____ 06-12-2021 CHEM] paid      : Rp 0
[MAS.IRSYAD_____ 06-12-2021 CHEM] change    : Rp 0
[MAS.IRSYAD_____ 06-12-2021 CHEM] --------  : --------
[MAS.IRSYAD_____ 06-12-2021 CHEM] status    : PENDING
[............... 06-12-2021 ....] ==================================================
[MBA.AYU.R______ 06-12-2021 LDRY] invoice   : #DE6CAF
[MBA.AYU.R______ 06-12-2021 LDRY] timestamp : 06-12-2021, 09:33:03 PM
[MBA.AYU.R______ 06-12-2021 LDRY] customer  : MBA AYU R
[MBA.AYU.R______ 06-12-2021 LDRY] phone     : 
[MBA.AYU.R______ 06-12-2021 LDRY] --------  : --------
[MBA.AYU.R______ 06-12-2021 LDRY] product   : LAUNDRY & DRY CLEANING
[MBA.AYU.R______ 06-12-2021 LDRY] deadline  : 12-06-2021 -- 15-06-2021
[MBA.AYU.R______ 06-12-2021 LDRY] --------  : --------
[MBA.AYU.R______ 06-12-2021 LDRY] -- 01 --  : PAKAIAN (CUCI REG) | 3,121 x 8,000  >>  24,968
[MBA.AYU.R______ 06-12-2021 LDRY] -- 02 --  : BEDCOVER M (CUCI REG) | 2 x 30,000  >>  60,000
[MBA.AYU.R______ 06-12-2021 LDRY] --------  : --------
[MBA.AYU.R______ 06-12-2021 LDRY] total     : Rp 84,968
[MBA.AYU.R______ 06-12-2021 LDRY] paid      : Rp 100,000
[MBA.AYU.R______ 06-12-2021 LDRY] change    : Rp 15,032
[MBA.AYU.R______ 06-12-2021 LDRY] --------  : --------
[MBA.AYU.R______ 06-12-2021 LDRY] status    : SUCCESS
[............... 06-12-2021 ....] ==================================================
[MAS.DIKA_______ 06-12-2021 LDRY] invoice   : #AEB54B
[MAS.DIKA_______ 06-12-2021 LDRY] timestamp : 06-12-2021, 09:36:01 PM
[MAS.DIKA_______ 06-12-2021 LDRY] customer  : MAS DIKA
[MAS.DIKA_______ 06-12-2021 LDRY] phone     : 
[MAS.DIKA_______ 06-12-2021 LDRY] --------  : --------
[MAS.DIKA_______ 06-12-2021 LDRY] product   : LAUNDRY & DRY CLEANING
[MAS.DIKA_______ 06-12-2021 LDRY] deadline  : 12-06-2021 -- 15-06-2021
[MAS.DIKA_______ 06-12-2021 LDRY] --------  : --------
[MAS.DIKA_______ 06-12-2021 LDRY] -- 01 --  : PAKAIAN (CUCI REG) | 2 x 8,000  >>  16,000
[MAS.DIKA_______ 06-12-2021 LDRY] -- 02 --  : SPREI M (CUCI REG) | 2 x 15,000  >>  30,000
[MAS.DIKA_______ 06-12-2021 LDRY] --------  : --------
[MAS.DIKA_______ 06-12-2021 LDRY] total     : Rp 46,000
[MAS.DIKA_______ 06-12-2021 LDRY] paid      : Rp 100,000
[MAS.DIKA_______ 06-12-2021 LDRY] change    : Rp 54,000
[MAS.DIKA_______ 06-12-2021 LDRY] --------  : --------
[MAS.DIKA_______ 06-12-2021 LDRY] status    : SUCCESS
[............... 06-12-2021 ....] ==================================================
[MAS.DIKA_______ 06-12-2021 LDRY] invoice   : #ED5EAE
[MAS.DIKA_______ 06-12-2021 LDRY] timestamp : 06-12-2021, 09:36:58 PM
[MAS.DIKA_______ 06-12-2021 LDRY] customer  : MAS DIKA
[MAS.DIKA_______ 06-12-2021 LDRY] phone     : 
[MAS.DIKA_______ 06-12-2021 LDRY] --------  : --------
[MAS.DIKA_______ 06-12-2021 LDRY] product   : LAUNDRY & DRY CLEANING
[MAS.DIKA_______ 06-12-2021 LDRY] deadline  : 12-06-2021 -- 15-06-2021
[MAS.DIKA_______ 06-12-2021 LDRY] --------  : --------
[MAS.DIKA_______ 06-12-2021 LDRY] -- 01 --  : PAKAIAN (CUCI REG) | 3 x 8,000  >>  24,000
[MAS.DIKA_______ 06-12-2021 LDRY] -- 02 --  : PAKAIAN (CUCI REG) | 2 x 8,000  >>  16,000
[MAS.DIKA_______ 06-12-2021 LDRY] --------  : --------
[MAS.DIKA_______ 06-12-2021 LDRY] total     : Rp 40,000
[MAS.DIKA_______ 06-12-2021 LDRY] paid      : Rp 0
[MAS.DIKA_______ 06-12-2021 LDRY] change    : Rp 0
[MAS.DIKA_______ 06-12-2021 LDRY] --------  : --------
[MAS.DIKA_______ 06-12-2021 LDRY] status    : PENDING
[............... 06-12-2021 ....] ==================================================
[MAS.DIKA_______ 06-12-2021 LDRY] invoice   : #015950
[MAS.DIKA_______ 06-12-2021 LDRY] timestamp : 06-12-2021, 09:39:11 PM
[MAS.DIKA_______ 06-12-2021 LDRY] customer  : MAS DIKA
[MAS.DIKA_______ 06-12-2021 LDRY] phone     : 
[MAS.DIKA_______ 06-12-2021 LDRY] --------  : --------
[MAS.DIKA_______ 06-12-2021 LDRY] product   : LAUNDRY & DRY CLEANING
[MAS.DIKA_______ 06-12-2021 LDRY] deadline  : 12-06-2021 -- 14-06-2021
[MAS.DIKA_______ 06-12-2021 LDRY] --------  : --------
[MAS.DIKA_______ 06-12-2021 LDRY] -- 01 --  : PAKAIAN (CUCI REG) | 4,121 x 8,000  >>  32,968
[MAS.DIKA_______ 06-12-2021 LDRY] -- 02 --  : PAKAIAN (SETRIKA REG) | 1,121 x 6,500  >>  12,187
[MAS.DIKA_______ 06-12-2021 LDRY] --------  : --------
[MAS.DIKA_______ 06-12-2021 LDRY] total     : Rp 45,155
[MAS.DIKA_______ 06-12-2021 LDRY] paid      : Rp 50,000
[MAS.DIKA_______ 06-12-2021 LDRY] change    : Rp 4,845
[MAS.DIKA_______ 06-12-2021 LDRY] --------  : --------
[MAS.DIKA_______ 06-12-2021 LDRY] status    : SUCCESS
[............... 06-12-2021 ....] ==================================================
[MAS.DIKA_______ 06-12-2021 LDRY] invoice   : #BD0B00
[MAS.DIKA_______ 06-12-2021 LDRY] timestamp : 06-12-2021, 09:43:00 PM
[MAS.DIKA_______ 06-12-2021 LDRY] customer  : MAS DIKA
[MAS.DIKA_______ 06-12-2021 LDRY] phone     : 
[MAS.DIKA_______ 06-12-2021 LDRY] --------  : --------
[MAS.DIKA_______ 06-12-2021 LDRY] product   : LAUNDRY & DRY CLEANING
[MAS.DIKA_______ 06-12-2021 LDRY] deadline  : 12-06-2021 -- 15-06-2021
[MAS.DIKA_______ 06-12-2021 LDRY] --------  : --------
[MAS.DIKA_______ 06-12-2021 LDRY] -- 01 --  : PAKAIAN (CUCI REG) | 2,121 x 8,000  >>  16,968
[MAS.DIKA_______ 06-12-2021 LDRY] -- 02 --  : PAKAIAN (SETRIKA REG) | 5,121 x 6,500  >>  33,286
[MAS.DIKA_______ 06-12-2021 LDRY] --------  : --------
[MAS.DIKA_______ 06-12-2021 LDRY] total     : Rp 50,254
[MAS.DIKA_______ 06-12-2021 LDRY] paid      : Rp 100,000
[MAS.DIKA_______ 06-12-2021 LDRY] change    : Rp 49,746
[MAS.DIKA_______ 06-12-2021 LDRY] --------  : --------
[MAS.DIKA_______ 06-12-2021 LDRY] status    : SUCCESS
[............... 06-12-2021 ....] ==================================================
[MAS.IRSYAD_____ 06-12-2021 LDRY] invoice   : #DF65B7
[MAS.IRSYAD_____ 06-12-2021 LDRY] timestamp : 06-12-2021, 10:25:21 PM
[MAS.IRSYAD_____ 06-12-2021 LDRY] customer  : MAS IRSYAD
[MAS.IRSYAD_____ 06-12-2021 LDRY] phone     : 
[MAS.IRSYAD_____ 06-12-2021 LDRY] --------  : --------
[MAS.IRSYAD_____ 06-12-2021 LDRY] product   : LAUNDRY & DRY CLEANING
[MAS.IRSYAD_____ 06-12-2021 LDRY] deadline  : 12-06-2021 -- 15-06-2021
[MAS.IRSYAD_____ 06-12-2021 LDRY] --------  : --------
[MAS.IRSYAD_____ 06-12-2021 LDRY] -- 01 --  : PAKAIAN (CUCI REG) | 2,121 x 8,000  >>  16,968
[MAS.IRSYAD_____ 06-12-2021 LDRY] -- 02 --  : PAKAIAN (SETRIKA REG) | 4,121 x 6,500  >>  26,786
[MAS.IRSYAD_____ 06-12-2021 LDRY] --------  : --------
[MAS.IRSYAD_____ 06-12-2021 LDRY] total     : Rp 43,754
[MAS.IRSYAD_____ 06-12-2021 LDRY] paid      : Rp 50,000
[MAS.IRSYAD_____ 06-12-2021 LDRY] change    : Rp 6,246
[MAS.IRSYAD_____ 06-12-2021 LDRY] --------  : --------
[MAS.IRSYAD_____ 06-12-2021 LDRY] status    : SUCCESS
[............... 06-12-2021 ....] ==================================================
[MAS.IRSYAD_____ 06-12-2021 LDRY] invoice   : #4CA3B5
[MAS.IRSYAD_____ 06-12-2021 LDRY] timestamp : 06-12-2021, 10:27:42 PM
[MAS.IRSYAD_____ 06-12-2021 LDRY] customer  : MAS IRSYAD
[MAS.IRSYAD_____ 06-12-2021 LDRY] phone     : 
[MAS.IRSYAD_____ 06-12-2021 LDRY] --------  : --------
[MAS.IRSYAD_____ 06-12-2021 LDRY] product   : LAUNDRY & DRY CLEANING
[MAS.IRSYAD_____ 06-12-2021 LDRY] deadline  : 12-06-2021 -- 15-06-2021
[MAS.IRSYAD_____ 06-12-2021 LDRY] --------  : --------
[MAS.IRSYAD_____ 06-12-2021 LDRY] -- 01 --  : PAKAIAN (CUCI REG) | 10,121 x 8,000  >>  80,968
[MAS.IRSYAD_____ 06-12-2021 LDRY] -- 02 --  : PAKAIAN (SETRIKA REG) | 3,121 x 6,500  >>  20,286
[MAS.IRSYAD_____ 06-12-2021 LDRY] --------  : --------
[MAS.IRSYAD_____ 06-12-2021 LDRY] total     : Rp 101,254
[MAS.IRSYAD_____ 06-12-2021 LDRY] paid      : Rp 120,000
[MAS.IRSYAD_____ 06-12-2021 LDRY] change    : Rp 18,746
[MAS.IRSYAD_____ 06-12-2021 LDRY] --------  : --------
[MAS.IRSYAD_____ 06-12-2021 LDRY] status    : SUCCESS
[............... 06-12-2021 ....] ==================================================
[IBU.WINDA______ 06-12-2021 LDRY] invoice   : #4A8570
[IBU.WINDA______ 06-12-2021 LDRY] timestamp : 06-12-2021, 10:29:26 PM
[IBU.WINDA______ 06-12-2021 LDRY] customer  : IBU WINDA
[IBU.WINDA______ 06-12-2021 LDRY] phone     : 
[IBU.WINDA______ 06-12-2021 LDRY] --------  : --------
[IBU.WINDA______ 06-12-2021 LDRY] product   : LAUNDRY & DRY CLEANING
[IBU.WINDA______ 06-12-2021 LDRY] deadline  : 12-06-2021 -- 15-06-2021
[IBU.WINDA______ 06-12-2021 LDRY] --------  : --------
[IBU.WINDA______ 06-12-2021 LDRY] -- 01 --  : PAKAIAN (CUCI REG) | 4,121 x 8,000  >>  32,968
[IBU.WINDA______ 06-12-2021 LDRY] -- 02 --  : SPREI M (CUCI REG) | 2 x 15,000  >>  30,000
[IBU.WINDA______ 06-12-2021 LDRY] --------  : --------
[IBU.WINDA______ 06-12-2021 LDRY] total     : Rp 62,968
[IBU.WINDA______ 06-12-2021 LDRY] paid      : Rp 100,000
[IBU.WINDA______ 06-12-2021 LDRY] change    : Rp 37,032
[IBU.WINDA______ 06-12-2021 LDRY] --------  : --------
[IBU.WINDA______ 06-12-2021 LDRY] status    : SUCCESS
[............... 06-12-2021 ....] ==================================================
[MAS.DIKA_______ 06-12-2021 LDRY] invoice   : #CECD3D
[MAS.DIKA_______ 06-12-2021 LDRY] timestamp : 06-12-2021, 10:33:45 PM
[MAS.DIKA_______ 06-12-2021 LDRY] customer  : MAS DIKA
[MAS.DIKA_______ 06-12-2021 LDRY] phone     : 
[MAS.DIKA_______ 06-12-2021 LDRY] --------  : --------
[MAS.DIKA_______ 06-12-2021 LDRY] product   : LAUNDRY & DRY CLEANING
[MAS.DIKA_______ 06-12-2021 LDRY] deadline  : 12-06-2021 -- 15-06-2021
[MAS.DIKA_______ 06-12-2021 LDRY] --------  : --------
[MAS.DIKA_______ 06-12-2021 LDRY] -- 01 --  : PAKAIAN (CUCI REG) | 5,121 x 8,000  >>  40,968
[MAS.DIKA_______ 06-12-2021 LDRY] -- 02 --  : PAKAIAN (SETRIKA REG) | 2,121 x 6,500  >>  13,786
[MAS.DIKA_______ 06-12-2021 LDRY] --------  : --------
[MAS.DIKA_______ 06-12-2021 LDRY] total     : Rp 54,754
[MAS.DIKA_______ 06-12-2021 LDRY] paid      : Rp 100,000
[MAS.DIKA_______ 06-12-2021 LDRY] change    : Rp 45,246
[MAS.DIKA_______ 06-12-2021 LDRY] --------  : --------
[MAS.DIKA_______ 06-12-2021 LDRY] status    : SUCCESS
[............... 06-12-2021 ....] ==================================================
[MAS.IRSYAD_____ 06-12-2021 LDRY] invoice   : #D1E9C8
[MAS.IRSYAD_____ 06-12-2021 LDRY] timestamp : 06-12-2021, 10:37:33 PM
[MAS.IRSYAD_____ 06-12-2021 LDRY] customer  : MAS IRSYAD
[MAS.IRSYAD_____ 06-12-2021 LDRY] phone     : 
[MAS.IRSYAD_____ 06-12-2021 LDRY] --------  : --------
[MAS.IRSYAD_____ 06-12-2021 LDRY] product   : LAUNDRY & DRY CLEANING
[MAS.IRSYAD_____ 06-12-2021 LDRY] deadline  : 12-06-2021 -- 15-06-2021
[MAS.IRSYAD_____ 06-12-2021 LDRY] --------  : --------
[MAS.IRSYAD_____ 06-12-2021 LDRY] -- 01 --  : PAKAIAN (CUCI REG) | 4,312 x 8,000  >>  34,496
[MAS.IRSYAD_____ 06-12-2021 LDRY] -- 02 --  : PAKAIAN (SETRIKA REG) | 2,223 x 6,500  >>  14,449
[MAS.IRSYAD_____ 06-12-2021 LDRY] --------  : --------
[MAS.IRSYAD_____ 06-12-2021 LDRY] total     : Rp 48,945
[MAS.IRSYAD_____ 06-12-2021 LDRY] paid      : Rp 100,000
[MAS.IRSYAD_____ 06-12-2021 LDRY] change    : Rp 51,055
[MAS.IRSYAD_____ 06-12-2021 LDRY] --------  : --------
[MAS.IRSYAD_____ 06-12-2021 LDRY] status    : SUCCESS
[............... 06-12-2021 ....] ==================================================
[MBA.AYU.R______ 06-12-2021 LDRY] invoice   : #C2761D
[MBA.AYU.R______ 06-12-2021 LDRY] timestamp : 06-12-2021, 10:41:18 PM
[MBA.AYU.R______ 06-12-2021 LDRY] customer  : MBA AYU R
[MBA.AYU.R______ 06-12-2021 LDRY] phone     : 
[MBA.AYU.R______ 06-12-2021 LDRY] --------  : --------
[MBA.AYU.R______ 06-12-2021 LDRY] product   : LAUNDRY & DRY CLEANING
[MBA.AYU.R______ 06-12-2021 LDRY] deadline  : 12-06-2021 -- 15-06-2021
[MBA.AYU.R______ 06-12-2021 LDRY] --------  : --------
[MBA.AYU.R______ 06-12-2021 LDRY] -- 01 --  : SPREI S FULL-SET (CUCI REG) | 2 x 15,000  >>  30,000
[MBA.AYU.R______ 06-12-2021 LDRY] -- 02 --  : PAKAIAN (CUCI REG) | 5,121 x 8,000  >>  40,968
[MBA.AYU.R______ 06-12-2021 LDRY] -- 03 --  : SPREI XL FULL-SET (CUCI REG) | 1 x 25,000  >>  25,000
[MBA.AYU.R______ 06-12-2021 LDRY] --------  : --------
[MBA.AYU.R______ 06-12-2021 LDRY] total     : Rp 95,968
[MBA.AYU.R______ 06-12-2021 LDRY] paid      : Rp 100,000
[MBA.AYU.R______ 06-12-2021 LDRY] change    : Rp 4,032
[MBA.AYU.R______ 06-12-2021 LDRY] --------  : --------
[MBA.AYU.R______ 06-12-2021 LDRY] status    : SUCCESS
[............... 06-12-2021 ....] ==================================================
