[MBA.AYU.R______ 06-13-2021 LDRY] invoice   : #461F5C
[MBA.AYU.R______ 06-13-2021 LDRY] timestamp : 06-13-2021, 09:42:14 AM
[MBA.AYU.R______ 06-13-2021 LDRY] customer  : MBA AYU R
[MBA.AYU.R______ 06-13-2021 LDRY] phone     : 
[MBA.AYU.R______ 06-13-2021 LDRY] --------  : --------
[MBA.AYU.R______ 06-13-2021 LDRY] product   : LAUNDRY & DRY CLEANING
[MBA.AYU.R______ 06-13-2021 LDRY] deadline  : 13-06-2021 -- 13-06-2021
[MBA.AYU.R______ 06-13-2021 LDRY] --------  : --------
[MBA.AYU.R______ 06-13-2021 LDRY] -- 01 --  : SPREI XL (CUCI REG) | 2 x 20,000  >>  40,000
[MBA.AYU.R______ 06-13-2021 LDRY] -- 02 --  : BEDCOVER XL (CUCI REG) | 2 x 40,000  >>  80,000
[MBA.AYU.R______ 06-13-2021 LDRY] --------  : --------
[MBA.AYU.R______ 06-13-2021 LDRY] total     : Rp 120,000
[MBA.AYU.R______ 06-13-2021 LDRY] paid      : Rp 200,000
[MBA.AYU.R______ 06-13-2021 LDRY] change    : Rp 80,000
[MBA.AYU.R______ 06-13-2021 LDRY] --------  : --------
[MBA.AYU.R______ 06-13-2021 LDRY] status    : SUCCESS
[............... 06-13-2021 ....] ==================================================
[IBU.NURWULAN.K_ 06-13-2021 STAT] invoice   : #6F64D8
[IBU.NURWULAN.K_ 06-13-2021 STAT] timestamp : 06-13-2021, 09:45:34 AM
[IBU.NURWULAN.K_ 06-13-2021 STAT] customer  : IBU NURWULAN K
[IBU.NURWULAN.K_ 06-13-2021 STAT] phone     : 
[IBU.NURWULAN.K_ 06-13-2021 STAT] --------  : --------
[IBU.NURWULAN.K_ 06-13-2021 STAT] product   : STATIONERY & LEMINERAL
[IBU.NURWULAN.K_ 06-13-2021 STAT] --------  : --------
[IBU.NURWULAN.K_ 06-13-2021 STAT] -- 01 --  : Buku Tulis Campus | 2 x 1000 >> 2,000
[IBU.NURWULAN.K_ 06-13-2021 STAT] --------  : --------
[IBU.NURWULAN.K_ 06-13-2021 STAT] total     : Rp 2,000
[IBU.NURWULAN.K_ 06-13-2021 STAT] paid      : Rp 5,000
[IBU.NURWULAN.K_ 06-13-2021 STAT] change    : Rp 3,000
[IBU.NURWULAN.K_ 06-13-2021 STAT] --------  : --------
[IBU.NURWULAN.K_ 06-13-2021 STAT] status    : SUCCESS
[............... 06-13-2021 ....] ==================================================
[MBA.AYU.R______ 06-13-2021 STAT] invoice   : #024D96
[MBA.AYU.R______ 06-13-2021 STAT] timestamp : 06-13-2021, 09:50:30 AM
[MBA.AYU.R______ 06-13-2021 STAT] customer  : MBA AYU R
[MBA.AYU.R______ 06-13-2021 STAT] phone     : 
[MBA.AYU.R______ 06-13-2021 STAT] --------  : --------
[MBA.AYU.R______ 06-13-2021 STAT] product   : STATIONERY & LEMINERAL
[MBA.AYU.R______ 06-13-2021 STAT] --------  : --------
[MBA.AYU.R______ 06-13-2021 STAT] -- 01 --  : PENSIL WARNA FABER-CASTELLE | 3 x 2000 >> 6,000
[MBA.AYU.R______ 06-13-2021 STAT] -- 02 --  : KARTON / KERTAS KADO ROLL | 1 x 5000 >> 5,000
[MBA.AYU.R______ 06-13-2021 STAT] --------  : --------
[MBA.AYU.R______ 06-13-2021 STAT] total     : Rp 11,000
[MBA.AYU.R______ 06-13-2021 STAT] paid      : Rp 20,000
[MBA.AYU.R______ 06-13-2021 STAT] change    : Rp 9,000
[MBA.AYU.R______ 06-13-2021 STAT] --------  : --------
[MBA.AYU.R______ 06-13-2021 STAT] status    : SUCCESS
[............... 06-13-2021 ....] ==================================================
[MAS.IRSYAD_____ 06-13-2021 CHEM] invoice   : #2F859D
[MAS.IRSYAD_____ 06-13-2021 CHEM] timestamp : 06-13-2021, 10:43:07 AM
[MAS.IRSYAD_____ 06-13-2021 CHEM] customer  : MAS IRSYAD
[MAS.IRSYAD_____ 06-13-2021 CHEM] phone     : 
[MAS.IRSYAD_____ 06-13-2021 CHEM] --------  : --------
[MAS.IRSYAD_____ 06-13-2021 CHEM] product   : SUPER CHEMICAL LAUNDRY
[MAS.IRSYAD_____ 06-13-2021 CHEM] --------  : --------
[MAS.IRSYAD_____ 06-13-2021 CHEM] -- 01 --  : MOLTO B (PARFUM) + 2 JUG 1L | 2 x 42,000 + 14,000 >> 98,000
[MAS.IRSYAD_____ 06-13-2021 CHEM] -- 02 --  : MOLTO B (PELEMBUT) + 1 JUG 1L | 1 x 20,000 + 7,000 >> 27,000
[MAS.IRSYAD_____ 06-13-2021 CHEM] --------  : --------
[MAS.IRSYAD_____ 06-13-2021 CHEM] total     : Rp 125,000
[MAS.IRSYAD_____ 06-13-2021 CHEM] paid      : Rp 200,000
[MAS.IRSYAD_____ 06-13-2021 CHEM] change    : Rp 75,000
[MAS.IRSYAD_____ 06-13-2021 CHEM] --------  : --------
[MAS.IRSYAD_____ 06-13-2021 CHEM] status    : SUCCESS
[............... 06-13-2021 ....] ==================================================
[MAS.IRSYAD_____ 06-13-2021 CHEM] invoice   : #AF3CE0
[MAS.IRSYAD_____ 06-13-2021 CHEM] timestamp : 06-13-2021, 10:48:06 AM
[MAS.IRSYAD_____ 06-13-2021 CHEM] customer  : MAS IRSYAD
[MAS.IRSYAD_____ 06-13-2021 CHEM] phone     : 
[MAS.IRSYAD_____ 06-13-2021 CHEM] --------  : --------
[MAS.IRSYAD_____ 06-13-2021 CHEM] product   : SUPER CHEMICAL LAUNDRY
[MAS.IRSYAD_____ 06-13-2021 CHEM] --------  : --------
[MAS.IRSYAD_____ 06-13-2021 CHEM] -- 01 --  : MOLTO B (PARFUM) + 2 JUG 1L | 2 x 42,000 + 14,000 >> 98,000
[MAS.IRSYAD_____ 06-13-2021 CHEM] -- 02 --  : MOLTO B (PELEMBUT)   | 2 x 20,000  >> 40,000
[MAS.IRSYAD_____ 06-13-2021 CHEM] -- 03 --  : GGS (PARFUM) + 1 JUG 5L | 2 x 42,000 + 8,000 >> 92,000
[MAS.IRSYAD_____ 06-13-2021 CHEM] --------  : --------
[MAS.IRSYAD_____ 06-13-2021 CHEM] total     : Rp 230,000
[MAS.IRSYAD_____ 06-13-2021 CHEM] paid      : Rp 500,000
[MAS.IRSYAD_____ 06-13-2021 CHEM] change    : Rp 270,000
[MAS.IRSYAD_____ 06-13-2021 CHEM] --------  : --------
[MAS.IRSYAD_____ 06-13-2021 CHEM] status    : SUCCESS
[............... 06-13-2021 ....] ==================================================
[MBA.AYU.R______ 06-13-2021 CHEM] invoice   : #B5744D
[MBA.AYU.R______ 06-13-2021 CHEM] timestamp : 06-13-2021, 10:54:07 AM
[MBA.AYU.R______ 06-13-2021 CHEM] customer  : MBA AYU R
[MBA.AYU.R______ 06-13-2021 CHEM] phone     : 
[MBA.AYU.R______ 06-13-2021 CHEM] --------  : --------
[MBA.AYU.R______ 06-13-2021 CHEM] product   : SUPER CHEMICAL LAUNDRY
[MBA.AYU.R______ 06-13-2021 CHEM] --------  : --------
[MBA.AYU.R______ 06-13-2021 CHEM] -- 01 --  : MOLTO B (PARFUM) + 3 JUG 1L | 3 x 42,000 + 21,000 >> 147,000
[MBA.AYU.R______ 06-13-2021 CHEM] -- 02 --  : GGS (PARFUM)   | 1 x 42,000  >> 42,000
[MBA.AYU.R______ 06-13-2021 CHEM] -- 03 --  : SNAPPY (PELEMBUT) + 1 JUG 5L | 1 x 20,000 + 8,000 >> 28,000
[MBA.AYU.R______ 06-13-2021 CHEM] --------  : --------
[MBA.AYU.R______ 06-13-2021 CHEM] total     : Rp 217,000
[MBA.AYU.R______ 06-13-2021 CHEM] paid      : Rp 300,000
[MBA.AYU.R______ 06-13-2021 CHEM] change    : Rp 83,000
[MBA.AYU.R______ 06-13-2021 CHEM] --------  : --------
[MBA.AYU.R______ 06-13-2021 CHEM] status    : SUCCESS
[............... 06-13-2021 ....] ==================================================
[MAS.IRSYAD_____ 06-13-2021 CHEM] invoice   : #F710C0
[MAS.IRSYAD_____ 06-13-2021 CHEM] timestamp : 06-13-2021, 10:57:30 AM
[MAS.IRSYAD_____ 06-13-2021 CHEM] customer  : MAS IRSYAD
[MAS.IRSYAD_____ 06-13-2021 CHEM] phone     : 
[MAS.IRSYAD_____ 06-13-2021 CHEM] --------  : --------
[MAS.IRSYAD_____ 06-13-2021 CHEM] product   : SUPER CHEMICAL LAUNDRY
[MAS.IRSYAD_____ 06-13-2021 CHEM] --------  : --------
[MAS.IRSYAD_____ 06-13-2021 CHEM] -- 01 --  : MOLTO B (PARFUM) + 2 JUG 1L | 2 x 42,000 + 14,000 >> 98,000
[MAS.IRSYAD_____ 06-13-2021 CHEM] -- 02 --  : SNAPPY (PARFUM) + 1 JUG 5L | 4 x 42,000 + 8,000 >> 176,000
[MAS.IRSYAD_____ 06-13-2021 CHEM] --------  : --------
[MAS.IRSYAD_____ 06-13-2021 CHEM] total     : Rp 274,000
[MAS.IRSYAD_____ 06-13-2021 CHEM] paid      : Rp 300,000
[MAS.IRSYAD_____ 06-13-2021 CHEM] change    : Rp 26,000
[MAS.IRSYAD_____ 06-13-2021 CHEM] --------  : --------
[MAS.IRSYAD_____ 06-13-2021 CHEM] status    : SUCCESS
[............... 06-13-2021 ....] ==================================================
[MAS.IRSYAD_____ 06-13-2021 CHEM] invoice   : #9756CE
[MAS.IRSYAD_____ 06-13-2021 CHEM] timestamp : 06-13-2021, 11:00:28 AM
[MAS.IRSYAD_____ 06-13-2021 CHEM] customer  : MAS IRSYAD
[MAS.IRSYAD_____ 06-13-2021 CHEM] phone     : 
[MAS.IRSYAD_____ 06-13-2021 CHEM] --------  : --------
[MAS.IRSYAD_____ 06-13-2021 CHEM] product   : SUPER CHEMICAL LAUNDRY
[MAS.IRSYAD_____ 06-13-2021 CHEM] --------  : --------
[MAS.IRSYAD_____ 06-13-2021 CHEM] -- 01 --  : SNAPPY (PARFUM)   | 2 x 42,000  >> 84,000
[MAS.IRSYAD_____ 06-13-2021 CHEM] -- 02 --  : MOLTO B (PARFUM) + 2 JUG 1L | 2 x 42,000 + 14,000 >> 98,000
[MAS.IRSYAD_____ 06-13-2021 CHEM] -- 03 --  : MOLTO B (PELEMBUT) + 1 JUG 5L | 2 x 20,000 + 8,000 >> 48,000
[MAS.IRSYAD_____ 06-13-2021 CHEM] --------  : --------
[MAS.IRSYAD_____ 06-13-2021 CHEM] total     : Rp 230,000
[MAS.IRSYAD_____ 06-13-2021 CHEM] paid      : Rp 300,000
[MAS.IRSYAD_____ 06-13-2021 CHEM] change    : Rp 70,000
[MAS.IRSYAD_____ 06-13-2021 CHEM] --------  : --------
[MAS.IRSYAD_____ 06-13-2021 CHEM] status    : SUCCESS
[............... 06-13-2021 ....] ==================================================
[MAS.IRSYAD_____ 06-13-2021 CHEM] invoice   : #5A168C
[MAS.IRSYAD_____ 06-13-2021 CHEM] timestamp : 06-13-2021, 11:04:36 AM
[MAS.IRSYAD_____ 06-13-2021 CHEM] customer  : MAS IRSYAD
[MAS.IRSYAD_____ 06-13-2021 CHEM] phone     : 
[MAS.IRSYAD_____ 06-13-2021 CHEM] --------  : --------
[MAS.IRSYAD_____ 06-13-2021 CHEM] product   : SUPER CHEMICAL LAUNDRY
[MAS.IRSYAD_____ 06-13-2021 CHEM] --------  : --------
[MAS.IRSYAD_____ 06-13-2021 CHEM] -- 01 --  : GGS (PARFUM)   | 2 x 42,000  >> 84,000
[MAS.IRSYAD_____ 06-13-2021 CHEM] -- 02 --  : MOLTO B (PELEMBUT) + 2 JUG 1L | 2 x 20,000 + 14,000 >> 54,000
[MAS.IRSYAD_____ 06-13-2021 CHEM] -- 03 --  : PARIS H (PARFUM) + 1 JUG 5L | 3 x 42,000 + 8,000 >> 134,000
[MAS.IRSYAD_____ 06-13-2021 CHEM] --------  : --------
[MAS.IRSYAD_____ 06-13-2021 CHEM] total     : Rp 272,000
[MAS.IRSYAD_____ 06-13-2021 CHEM] paid      : Rp 299,997
[MAS.IRSYAD_____ 06-13-2021 CHEM] change    : Rp 27,997
[MAS.IRSYAD_____ 06-13-2021 CHEM] --------  : --------
[MAS.IRSYAD_____ 06-13-2021 CHEM] status    : SUCCESS
[............... 06-13-2021 ....] ==================================================
[MBA.AYU.R______ 06-13-2021 CHEM] invoice   : #F6AF1C
[MBA.AYU.R______ 06-13-2021 CHEM] timestamp : 06-13-2021, 11:12:26 AM
[MBA.AYU.R______ 06-13-2021 CHEM] customer  : MBA AYU R
[MBA.AYU.R______ 06-13-2021 CHEM] phone     : 
[MBA.AYU.R______ 06-13-2021 CHEM] --------  : --------
[MBA.AYU.R______ 06-13-2021 CHEM] product   : SUPER CHEMICAL LAUNDRY
[MBA.AYU.R______ 06-13-2021 CHEM] --------  : --------
[MBA.AYU.R______ 06-13-2021 CHEM] -- 01 --  : MOLTO B (PARFUM)   | 2 x 42,000  >> 84,000
[MBA.AYU.R______ 06-13-2021 CHEM] -- 02 --  : MOLTO B (PELEMBUT) + 1 JUG 1L | 1 x 20,000 + 7,000 >> 27,000
[MBA.AYU.R______ 06-13-2021 CHEM] -- 03 --  : MOLTO B (PELICIN) + 1 JUG 5L | 3 x 22,000 + 8,000 >> 74,000
[MBA.AYU.R______ 06-13-2021 CHEM] --------  : --------
[MBA.AYU.R______ 06-13-2021 CHEM] total     : Rp 185,000
[MBA.AYU.R______ 06-13-2021 CHEM] paid      : Rp 200,000
[MBA.AYU.R______ 06-13-2021 CHEM] change    : Rp 15,000
[MBA.AYU.R______ 06-13-2021 CHEM] --------  : --------
[MBA.AYU.R______ 06-13-2021 CHEM] status    : SUCCESS
[............... 06-13-2021 ....] ==================================================
[MBA.AYU.R______ 06-13-2021 CHEM] invoice   : #61F166
[MBA.AYU.R______ 06-13-2021 CHEM] timestamp : 06-13-2021, 01:52:27 PM
[MBA.AYU.R______ 06-13-2021 CHEM] customer  : MBA AYU R
[MBA.AYU.R______ 06-13-2021 CHEM] phone     : 
[MBA.AYU.R______ 06-13-2021 CHEM] --------  : --------
[MBA.AYU.R______ 06-13-2021 CHEM] product   : SUPER CHEMICAL LAUNDRY
[MBA.AYU.R______ 06-13-2021 CHEM] --------  : --------
[MBA.AYU.R______ 06-13-2021 CHEM] -- 01 --  : MOLTO B (PARFUM)   | 2 x 42,000  >> 84,000
[MBA.AYU.R______ 06-13-2021 CHEM] -- 02 --  : DAILY (DETERJEN) + 1 JUG 5L | 2 x 15,000 + 8,000 >> 38,000
[MBA.AYU.R______ 06-13-2021 CHEM] -- 03 --  : SNAPPY (PELICIN)   | 3 x 22,000  >> 66,000
[MBA.AYU.R______ 06-13-2021 CHEM] --------  : --------
[MBA.AYU.R______ 06-13-2021 CHEM] total     : Rp 188,000
[MBA.AYU.R______ 06-13-2021 CHEM] paid      : Rp 200,000
[MBA.AYU.R______ 06-13-2021 CHEM] change    : Rp 12,000
[MBA.AYU.R______ 06-13-2021 CHEM] --------  : --------
[MBA.AYU.R______ 06-13-2021 CHEM] status    : SUCCESS
[............... 06-13-2021 ....] ==================================================
[MAS.IRSYAD_____ 06-13-2021 CHEM] invoice   : #32ECF4
[MAS.IRSYAD_____ 06-13-2021 CHEM] timestamp : 06-13-2021, 01:54:48 PM
[MAS.IRSYAD_____ 06-13-2021 CHEM] customer  : MAS IRSYAD
[MAS.IRSYAD_____ 06-13-2021 CHEM] phone     : 
[MAS.IRSYAD_____ 06-13-2021 CHEM] --------  : --------
[MAS.IRSYAD_____ 06-13-2021 CHEM] product   : SUPER CHEMICAL LAUNDRY
[MAS.IRSYAD_____ 06-13-2021 CHEM] --------  : --------
[MAS.IRSYAD_____ 06-13-2021 CHEM] -- 01 --  : MOLTO B (PARFUM)   | 3 x 42,000  >> 126,000
[MAS.IRSYAD_____ 06-13-2021 CHEM] --------  : --------
[MAS.IRSYAD_____ 06-13-2021 CHEM] total     : Rp 126,000
[MAS.IRSYAD_____ 06-13-2021 CHEM] paid      : Rp 150,000
[MAS.IRSYAD_____ 06-13-2021 CHEM] change    : Rp 24,000
[MAS.IRSYAD_____ 06-13-2021 CHEM] --------  : --------
[MAS.IRSYAD_____ 06-13-2021 CHEM] status    : SUCCESS
[............... 06-13-2021 ....] ==================================================
[MAS.IRSYAD_____ 06-13-2021 CHEM] invoice   : #BC2616
[MAS.IRSYAD_____ 06-13-2021 CHEM] timestamp : 06-13-2021, 02:11:16 PM
[MAS.IRSYAD_____ 06-13-2021 CHEM] customer  : MAS IRSYAD
[MAS.IRSYAD_____ 06-13-2021 CHEM] phone     : 
[MAS.IRSYAD_____ 06-13-2021 CHEM] --------  : --------
[MAS.IRSYAD_____ 06-13-2021 CHEM] product   : SUPER CHEMICAL LAUNDRY
[MAS.IRSYAD_____ 06-13-2021 CHEM] --------  : --------
[MAS.IRSYAD_____ 06-13-2021 CHEM] -- 01 --  : MOLTO B (PARFUM)   | 3 x 42,000  >> 126,000
[MAS.IRSYAD_____ 06-13-2021 CHEM] --------  : --------
[MAS.IRSYAD_____ 06-13-2021 CHEM] total     : Rp 126,000
[MAS.IRSYAD_____ 06-13-2021 CHEM] paid      : Rp 0
[MAS.IRSYAD_____ 06-13-2021 CHEM] change    : Rp 0
[MAS.IRSYAD_____ 06-13-2021 CHEM] --------  : --------
[MAS.IRSYAD_____ 06-13-2021 CHEM] status    : PENDING
[............... 06-13-2021 ....] ==================================================
[IBU.WINDA______ 06-13-2021 STAT] invoice   : #27A6DC
[IBU.WINDA______ 06-13-2021 STAT] timestamp : 06-13-2021, 02:54:06 PM
[IBU.WINDA______ 06-13-2021 STAT] customer  : IBU WINDA
[IBU.WINDA______ 06-13-2021 STAT] phone     : 
[IBU.WINDA______ 06-13-2021 STAT] --------  : --------
[IBU.WINDA______ 06-13-2021 STAT] product   : STATIONERY & LEMINERAL
[IBU.WINDA______ 06-13-2021 STAT] --------  : --------
[IBU.WINDA______ 06-13-2021 STAT] -- 01 --  : BUKU TULIS CAMPUS | 3 x 1000 >> 3,000
[IBU.WINDA______ 06-13-2021 STAT] -- 02 --  : PERANGKO RP 6.000 | 2 x 4000 >> 8,000
[IBU.WINDA______ 06-13-2021 STAT] --------  : --------
[IBU.WINDA______ 06-13-2021 STAT] total     : Rp 11,000
[IBU.WINDA______ 06-13-2021 STAT] paid      : Rp 15,000
[IBU.WINDA______ 06-13-2021 STAT] change    : Rp 4,000
[IBU.WINDA______ 06-13-2021 STAT] --------  : --------
[IBU.WINDA______ 06-13-2021 STAT] status    : SUCCESS
[............... 06-13-2021 ....] ==================================================
